<?xml version="1.0" encoding="UTF-8"?>
<testsuite xmlns:xsi="http://www.w3.org/2001/XMLSchema-instance" xsi:noNamespaceSchemaLocation="https://maven.apache.org/surefire/maven-surefire-plugin/xsd/surefire-test-report-3.0.xsd" version="3.0" name="se.jensen.project.TestDepartmentUnitTestSuit" time="0.181" tests="2" errors="0" skipped="0" failures="0">
  <properties>
    <property name="java.specification.version" value="17"/>
    <property name="sun.jnu.encoding" value="UTF-8"/>
    <property name="java.class.path" value="/Users/jocke/development/jensen-project/jensen-project-test/target/test-classes:/Users/jocke/development/jensen-project/jensen-project-test/target/classes:/Users/jocke/development/jensen-project/jensen-project-common/target/jensen-project-common-1.0-SNAPSHOT.jar:/Users/jocke/.m2/repository/org/springframework/spring-core/5.2.10.RELEASE/spring-core-5.2.10.RELEASE.jar:/Users/jocke/.m2/repository/org/springframework/spring-jcl/5.2.10.RELEASE/spring-jcl-5.2.10.RELEASE.jar:/Users/jocke/development/jensen-project/jensen-project-department/target/jensen-project-department-1.0-SNAPSHOT.jar:/Users/jocke/development/jensen-project/jensen-project-employee/target/jensen-project-employee-1.0-SNAPSHOT.jar:/Users/jocke/.m2/repository/com/google/code/gson/gson/2.8.6/gson-2.8.6.jar:/Users/jocke/.m2/repository/com/google/guava/guava/29.0-jre/guava-29.0-jre.jar:/Users/jocke/.m2/repository/com/google/guava/failureaccess/1.0.1/failureaccess-1.0.1.jar:/Users/jocke/.m2/repository/com/google/guava/listenablefuture/9999.0-empty-to-avoid-conflict-with-guava/listenablefuture-9999.0-empty-to-avoid-conflict-with-guava.jar:/Users/jocke/.m2/repository/com/google/code/findbugs/jsr305/3.0.2/jsr305-3.0.2.jar:/Users/jocke/.m2/repository/org/checkerframework/checker-qual/2.11.1/checker-qual-2.11.1.jar:/Users/jocke/.m2/repository/com/google/errorprone/error_prone_annotations/2.3.4/error_prone_annotations-2.3.4.jar:/Users/jocke/.m2/repository/com/google/j2objc/j2objc-annotations/1.3/j2objc-annotations-1.3.jar:/Users/jocke/.m2/repository/org/springframework/boot/spring-boot-starter-web/2.3.4.RELEASE/spring-boot-starter-web-2.3.4.RELEASE.jar:/Users/jocke/.m2/repository/org/springframework/boot/spring-boot-starter/2.3.4.RELEASE/spring-boot-starter-2.3.4.RELEASE.jar:/Users/jocke/.m2/repository/org/springframework/boot/spring-boot/2.3.4.RELEASE/spring-boot-2.3.4.RELEASE.jar:/Users/jocke/.m2/repository/org/springframework/boot/spring-boot-autoconfigure/2.3.4.RELEASE/spring-boot-autoconfigure-2.3.4.RELEASE.jar:/Users/jocke/.m2/repository/org/springframework/boot/spring-boot-starter-logging/2.3.4.RELEASE/spring-boot-starter-logging-2.3.4.RELEASE.jar:/Users/jocke/.m2/repository/ch/qos/logback/logback-classic/1.2.3/logback-classic-1.2.3.jar:/Users/jocke/.m2/repository/ch/qos/logback/logback-core/1.2.3/logback-core-1.2.3.jar:/Users/jocke/.m2/repository/org/apache/logging/log4j/log4j-to-slf4j/2.13.3/log4j-to-slf4j-2.13.3.jar:/Users/jocke/.m2/repository/org/apache/logging/log4j/log4j-api/2.13.3/log4j-api-2.13.3.jar:/Users/jocke/.m2/repository/org/slf4j/jul-to-slf4j/1.7.30/jul-to-slf4j-1.7.30.jar:/Users/jocke/.m2/repository/jakarta/annotation/jakarta.annotation-api/1.3.5/jakarta.annotation-api-1.3.5.jar:/Users/jocke/.m2/repository/org/yaml/snakeyaml/1.26/snakeyaml-1.26.jar:/Users/jocke/.m2/repository/org/springframework/boot/spring-boot-starter-json/2.3.4.RELEASE/spring-boot-starter-json-2.3.4.RELEASE.jar:/Users/jocke/.m2/repository/com/fasterxml/jackson/datatype/jackson-datatype-jdk8/2.11.2/jackson-datatype-jdk8-2.11.2.jar:/Users/jocke/.m2/repository/com/fasterxml/jackson/module/jackson-module-parameter-names/2.11.2/jackson-module-parameter-names-2.11.2.jar:/Users/jocke/.m2/repository/org/springframework/boot/spring-boot-starter-tomcat/2.3.4.RELEASE/spring-boot-starter-tomcat-2.3.4.RELEASE.jar:/Users/jocke/.m2/repository/org/apache/tomcat/embed/tomcat-embed-core/9.0.38/tomcat-embed-core-9.0.38.jar:/Users/jocke/.m2/repository/org/glassfish/jakarta.el/3.0.3/jakarta.el-3.0.3.jar:/Users/jocke/.m2/repository/org/apache/tomcat/embed/tomcat-embed-websocket/9.0.38/tomcat-embed-websocket-9.0.38.jar:/Users/jocke/.m2/repository/org/springframework/spring-web/5.2.9.RELEASE/spring-web-5.2.9.RELEASE.jar:/Users/jocke/.m2/repository/org/springframework/spring-beans/5.2.9.RELEASE/spring-beans-5.2.9.RELEASE.jar:/Users/jocke/.m2/repository/org/springframework/spring-webmvc/5.2.9.RELEASE/spring-webmvc-5.2.9.RELEASE.jar:/Users/jocke/.m2/repository/org/springframework/spring-context/5.2.9.RELEASE/spring-context-5.2.9.RELEASE.jar:/Users/jocke/.m2/repository/org/springframework/spring-expression/5.2.9.RELEASE/spring-expression-5.2.9.RELEASE.jar:/Users/jocke/.m2/repository/org/springframework/boot/spring-boot-starter-aop/2.3.4.RELEASE/spring-boot-starter-aop-2.3.4.RELEASE.jar:/Users/jocke/.m2/repository/org/springframework/spring-aop/5.2.9.RELEASE/spring-aop-5.2.9.RELEASE.jar:/Users/jocke/.m2/repository/org/aspectj/aspectjweaver/1.9.2/aspectjweaver-1.9.2.jar:/Users/jocke/.m2/repository/com/fasterxml/jackson/core/jackson-core/2.12.1/jackson-core-2.12.1.jar:/Users/jocke/.m2/repository/com/fasterxml/jackson/core/jackson-databind/2.12.1/jackson-databind-2.12.1.jar:/Users/jocke/.m2/repository/com/fasterxml/jackson/core/jackson-annotations/2.12.1/jackson-annotations-2.12.1.jar:/Users/jocke/.m2/repository/com/fasterxml/jackson/datatype/jackson-datatype-jsr310/2.12.1/jackson-datatype-jsr310-2.12.1.jar:/Users/jocke/.m2/repository/org/springframework/boot/spring-boot-starter-test/2.3.4.RELEASE/spring-boot-starter-test-2.3.4.RELEASE.jar:/Users/jocke/.m2/repository/org/springframework/boot/spring-boot-test/2.3.4.RELEASE/spring-boot-test-2.3.4.RELEASE.jar:/Users/jocke/.m2/repository/org/springframework/boot/spring-boot-test-autoconfigure/2.3.4.RELEASE/spring-boot-test-autoconfigure-2.3.4.RELEASE.jar:/Users/jocke/.m2/repository/com/jayway/jsonpath/json-path/2.4.0/json-path-2.4.0.jar:/Users/jocke/.m2/repository/net/minidev/json-smart/2.3/json-smart-2.3.jar:/Users/jocke/.m2/repository/net/minidev/accessors-smart/1.2/accessors-smart-1.2.jar:/Users/jocke/.m2/repository/org/ow2/asm/asm/5.0.4/asm-5.0.4.jar:/Users/jocke/.m2/repository/org/slf4j/slf4j-api/1.7.25/slf4j-api-1.7.25.jar:/Users/jocke/.m2/repository/jakarta/xml/bind/jakarta.xml.bind-api/2.3.3/jakarta.xml.bind-api-2.3.3.jar:/Users/jocke/.m2/repository/jakarta/activation/jakarta.activation-api/1.2.2/jakarta.activation-api-1.2.2.jar:/Users/jocke/.m2/repository/org/assertj/assertj-core/3.16.1/assertj-core-3.16.1.jar:/Users/jocke/.m2/repository/org/hamcrest/hamcrest/2.2/hamcrest-2.2.jar:/Users/jocke/.m2/repository/org/junit/jupiter/junit-jupiter/5.6.2/junit-jupiter-5.6.2.jar:/Users/jocke/.m2/repository/org/skyscreamer/jsonassert/1.5.0/jsonassert-1.5.0.jar:/Users/jocke/.m2/repository/com/vaadin/external/google/android-json/0.0.20131108.vaadin1/android-json-0.0.20131108.vaadin1.jar:/Users/jocke/.m2/repository/org/springframework/spring-test/5.2.9.RELEASE/spring-test-5.2.9.RELEASE.jar:/Users/jocke/.m2/repository/org/xmlunit/xmlunit-core/2.7.0/xmlunit-core-2.7.0.jar:/Users/jocke/.m2/repository/org/liquibase/liquibase-core/4.1.1/liquibase-core-4.1.1.jar:/Users/jocke/.m2/repository/javax/xml/bind/jaxb-api/2.3.0/jaxb-api-2.3.0.jar:/Users/jocke/.m2/repository/org/springframework/boot/spring-boot-starter-data-jpa/2.3.4.RELEASE/spring-boot-starter-data-jpa-2.3.4.RELEASE.jar:/Users/jocke/.m2/repository/org/springframework/boot/spring-boot-starter-jdbc/2.3.4.RELEASE/spring-boot-starter-jdbc-2.3.4.RELEASE.jar:/Users/jocke/.m2/repository/com/zaxxer/HikariCP/3.4.5/HikariCP-3.4.5.jar:/Users/jocke/.m2/repository/org/springframework/spring-jdbc/5.2.9.RELEASE/spring-jdbc-5.2.9.RELEASE.jar:/Users/jocke/.m2/repository/jakarta/transaction/jakarta.transaction-api/1.3.3/jakarta.transaction-api-1.3.3.jar:/Users/jocke/.m2/repository/jakarta/persistence/jakarta.persistence-api/2.2.3/jakarta.persistence-api-2.2.3.jar:/Users/jocke/.m2/repository/org/hibernate/hibernate-core/5.4.21.Final/hibernate-core-5.4.21.Final.jar:/Users/jocke/.m2/repository/org/jboss/logging/jboss-logging/3.3.2.Final/jboss-logging-3.3.2.Final.jar:/Users/jocke/.m2/repository/org/javassist/javassist/3.24.0-GA/javassist-3.24.0-GA.jar:/Users/jocke/.m2/repository/antlr/antlr/2.7.7/antlr-2.7.7.jar:/Users/jocke/.m2/repository/org/jboss/jandex/2.1.3.Final/jandex-2.1.3.Final.jar:/Users/jocke/.m2/repository/com/fasterxml/classmate/1.5.1/classmate-1.5.1.jar:/Users/jocke/.m2/repository/org/dom4j/dom4j/2.1.3/dom4j-2.1.3.jar:/Users/jocke/.m2/repository/org/hibernate/common/hibernate-commons-annotations/5.1.0.Final/hibernate-commons-annotations-5.1.0.Final.jar:/Users/jocke/.m2/repository/org/glassfish/jaxb/jaxb-runtime/2.3.1/jaxb-runtime-2.3.1.jar:/Users/jocke/.m2/repository/org/glassfish/jaxb/txw2/2.3.1/txw2-2.3.1.jar:/Users/jocke/.m2/repository/com/sun/istack/istack-commons-runtime/3.0.7/istack-commons-runtime-3.0.7.jar:/Users/jocke/.m2/repository/org/jvnet/staxex/stax-ex/1.8/stax-ex-1.8.jar:/Users/jocke/.m2/repository/com/sun/xml/fastinfoset/FastInfoset/1.2.15/FastInfoset-1.2.15.jar:/Users/jocke/.m2/repository/org/springframework/data/spring-data-jpa/2.3.4.RELEASE/spring-data-jpa-2.3.4.RELEASE.jar:/Users/jocke/.m2/repository/org/springframework/data/spring-data-commons/2.3.4.RELEASE/spring-data-commons-2.3.4.RELEASE.jar:/Users/jocke/.m2/repository/org/springframework/spring-orm/5.2.9.RELEASE/spring-orm-5.2.9.RELEASE.jar:/Users/jocke/.m2/repository/org/springframework/spring-tx/5.2.9.RELEASE/spring-tx-5.2.9.RELEASE.jar:/Users/jocke/.m2/repository/org/springframework/spring-aspects/5.2.9.RELEASE/spring-aspects-5.2.9.RELEASE.jar:/Users/jocke/.m2/repository/com/h2database/h2/1.4.200/h2-1.4.200.jar:/Users/jocke/.m2/repository/org/projectlombok/lombok/1.18.20/lombok-1.18.20.jar:/Users/jocke/.m2/repository/org/junit/jupiter/junit-jupiter-api/5.7.0/junit-jupiter-api-5.7.0.jar:/Users/jocke/.m2/repository/org/apiguardian/apiguardian-api/1.1.0/apiguardian-api-1.1.0.jar:/Users/jocke/.m2/repository/org/opentest4j/opentest4j/1.2.0/opentest4j-1.2.0.jar:/Users/jocke/.m2/repository/org/junit/platform/junit-platform-commons/1.7.0/junit-platform-commons-1.7.0.jar:/Users/jocke/.m2/repository/org/junit/jupiter/junit-jupiter-engine/5.7.0/junit-jupiter-engine-5.7.0.jar:/Users/jocke/.m2/repository/org/junit/platform/junit-platform-engine/1.7.0/junit-platform-engine-1.7.0.jar:/Users/jocke/.m2/repository/org/junit/platform/junit-platform-runner/1.7.0/junit-platform-runner-1.7.0.jar:/Users/jocke/.m2/repository/junit/junit/4.13/junit-4.13.jar:/Users/jocke/.m2/repository/org/hamcrest/hamcrest-core/1.3/hamcrest-core-1.3.jar:/Users/jocke/.m2/repository/org/junit/platform/junit-platform-launcher/1.7.0/junit-platform-launcher-1.7.0.jar:/Users/jocke/.m2/repository/org/junit/platform/junit-platform-suite-api/1.7.0/junit-platform-suite-api-1.7.0.jar:/Users/jocke/.m2/repository/org/junit/jupiter/junit-jupiter-params/5.7.0/junit-jupiter-params-5.7.0.jar:/Users/jocke/.m2/repository/org/junit/vintage/junit-vintage-engine/5.2.0/junit-vintage-engine-5.2.0.jar:/Users/jocke/.m2/repository/io/cucumber/cucumber-java/6.9.1/cucumber-java-6.9.1.jar:/Users/jocke/.m2/repository/io/cucumber/cucumber-core/6.9.1/cucumber-core-6.9.1.jar:/Users/jocke/.m2/repository/io/cucumber/cucumber-gherkin/6.9.1/cucumber-gherkin-6.9.1.jar:/Users/jocke/.m2/repository/io/cucumber/cucumber-gherkin-messages/6.9.1/cucumber-gherkin-messages-6.9.1.jar:/Users/jocke/.m2/repository/io/cucumber/messages/13.2.1/messages-13.2.1.jar:/Users/jocke/.m2/repository/io/cucumber/tag-expressions/3.0.0/tag-expressions-3.0.0.jar:/Users/jocke/.m2/repository/io/cucumber/cucumber-expressions/10.3.0/cucumber-expressions-10.3.0.jar:/Users/jocke/.m2/repository/io/cucumber/datatable/3.5.0/datatable-3.5.0.jar:/Users/jocke/.m2/repository/io/cucumber/cucumber-plugin/6.9.1/cucumber-plugin-6.9.1.jar:/Users/jocke/.m2/repository/io/cucumber/docstring/6.9.1/docstring-6.9.1.jar:/Users/jocke/.m2/repository/io/cucumber/html-formatter/9.0.0/html-formatter-9.0.0.jar:/Users/jocke/.m2/repository/io/cucumber/create-meta/2.0.4/create-meta-2.0.4.jar:/Users/jocke/.m2/repository/io/cucumber/cucumber-junit/6.9.1/cucumber-junit-6.9.1.jar:/Users/jocke/.m2/repository/io/cucumber/cucumber-spring/6.9.1/cucumber-spring-6.9.1.jar:/Users/jocke/.m2/repository/org/mockito/mockito-core/3.7.7/mockito-core-3.7.7.jar:/Users/jocke/.m2/repository/net/bytebuddy/byte-buddy/1.10.19/byte-buddy-1.10.19.jar:/Users/jocke/.m2/repository/net/bytebuddy/byte-buddy-agent/1.10.19/byte-buddy-agent-1.10.19.jar:/Users/jocke/.m2/repository/org/objenesis/objenesis/3.1/objenesis-3.1.jar:/Users/jocke/.m2/repository/org/mockito/mockito-junit-jupiter/2.28.2/mockito-junit-jupiter-2.28.2.jar:/Users/jocke/.m2/repository/org/seleniumhq/selenium/selenium-java/3.141.59/selenium-java-3.141.59.jar:/Users/jocke/.m2/repository/org/seleniumhq/selenium/selenium-api/3.141.59/selenium-api-3.141.59.jar:/Users/jocke/.m2/repository/org/seleniumhq/selenium/selenium-chrome-driver/3.141.59/selenium-chrome-driver-3.141.59.jar:/Users/jocke/.m2/repository/org/seleniumhq/selenium/selenium-edge-driver/3.141.59/selenium-edge-driver-3.141.59.jar:/Users/jocke/.m2/repository/org/seleniumhq/selenium/selenium-firefox-driver/3.141.59/selenium-firefox-driver-3.141.59.jar:/Users/jocke/.m2/repository/org/seleniumhq/selenium/selenium-ie-driver/3.141.59/selenium-ie-driver-3.141.59.jar:/Users/jocke/.m2/repository/org/seleniumhq/selenium/selenium-opera-driver/3.141.59/selenium-opera-driver-3.141.59.jar:/Users/jocke/.m2/repository/org/seleniumhq/selenium/selenium-remote-driver/3.141.59/selenium-remote-driver-3.141.59.jar:/Users/jocke/.m2/repository/org/seleniumhq/selenium/selenium-safari-driver/3.141.59/selenium-safari-driver-3.141.59.jar:/Users/jocke/.m2/repository/org/seleniumhq/selenium/selenium-support/3.141.59/selenium-support-3.141.59.jar:/Users/jocke/.m2/repository/org/apache/commons/commons-exec/1.3/commons-exec-1.3.jar:/Users/jocke/.m2/repository/com/squareup/okhttp3/okhttp/3.11.0/okhttp-3.11.0.jar:/Users/jocke/.m2/repository/com/squareup/okio/okio/1.14.0/okio-1.14.0.jar:"/>
    <property name="java.vm.vendor" value="Oracle Corporation"/>
    <property name="sun.arch.data.model" value="64"/>
    <property name="java.vendor.url" value="https://java.oracle.com/"/>
    <property name="os.name" value="Mac OS X"/>
    <property name="java.vm.specification.version" value="17"/>
    <property name="sun.java.launcher" value="SUN_STANDARD"/>
    <property name="user.country" value="SE"/>
    <property name="sun.boot.library.path" value="/Library/Java/JavaVirtualMachines/jdk-17.jdk/Contents/Home/lib"/>
    <property name="sun.java.command" value="/Users/jocke/development/jensen-project/jensen-project-test/target/surefire/surefirebooter575371522479063099.jar /Users/jocke/development/jensen-project/jensen-project-test/target/surefire 2021-12-05T20-33-51_910-jvmRun1 surefire14689451959431316339tmp surefire_010986801616706110356tmp"/>
    <property name="http.nonProxyHosts" value="local|*.local|169.254/16|*.169.254/16"/>
    <property name="jdk.debug" value="release"/>
    <property name="surefire.test.class.path" value="/Users/jocke/development/jensen-project/jensen-project-test/target/test-classes:/Users/jocke/development/jensen-project/jensen-project-test/target/classes:/Users/jocke/development/jensen-project/jensen-project-common/target/jensen-project-common-1.0-SNAPSHOT.jar:/Users/jocke/.m2/repository/org/springframework/spring-core/5.2.10.RELEASE/spring-core-5.2.10.RELEASE.jar:/Users/jocke/.m2/repository/org/springframework/spring-jcl/5.2.10.RELEASE/spring-jcl-5.2.10.RELEASE.jar:/Users/jocke/development/jensen-project/jensen-project-department/target/jensen-project-department-1.0-SNAPSHOT.jar:/Users/jocke/development/jensen-project/jensen-project-employee/target/jensen-project-employee-1.0-SNAPSHOT.jar:/Users/jocke/.m2/repository/com/google/code/gson/gson/2.8.6/gson-2.8.6.jar:/Users/jocke/.m2/repository/com/google/guava/guava/29.0-jre/guava-29.0-jre.jar:/Users/jocke/.m2/repository/com/google/guava/failureaccess/1.0.1/failureaccess-1.0.1.jar:/Users/jocke/.m2/repository/com/google/guava/listenablefuture/9999.0-empty-to-avoid-conflict-with-guava/listenablefuture-9999.0-empty-to-avoid-conflict-with-guava.jar:/Users/jocke/.m2/repository/com/google/code/findbugs/jsr305/3.0.2/jsr305-3.0.2.jar:/Users/jocke/.m2/repository/org/checkerframework/checker-qual/2.11.1/checker-qual-2.11.1.jar:/Users/jocke/.m2/repository/com/google/errorprone/error_prone_annotations/2.3.4/error_prone_annotations-2.3.4.jar:/Users/jocke/.m2/repository/com/google/j2objc/j2objc-annotations/1.3/j2objc-annotations-1.3.jar:/Users/jocke/.m2/repository/org/springframework/boot/spring-boot-starter-web/2.3.4.RELEASE/spring-boot-starter-web-2.3.4.RELEASE.jar:/Users/jocke/.m2/repository/org/springframework/boot/spring-boot-starter/2.3.4.RELEASE/spring-boot-starter-2.3.4.RELEASE.jar:/Users/jocke/.m2/repository/org/springframework/boot/spring-boot/2.3.4.RELEASE/spring-boot-2.3.4.RELEASE.jar:/Users/jocke/.m2/repository/org/springframework/boot/spring-boot-autoconfigure/2.3.4.RELEASE/spring-boot-autoconfigure-2.3.4.RELEASE.jar:/Users/jocke/.m2/repository/org/springframework/boot/spring-boot-starter-logging/2.3.4.RELEASE/spring-boot-starter-logging-2.3.4.RELEASE.jar:/Users/jocke/.m2/repository/ch/qos/logback/logback-classic/1.2.3/logback-classic-1.2.3.jar:/Users/jocke/.m2/repository/ch/qos/logback/logback-core/1.2.3/logback-core-1.2.3.jar:/Users/jocke/.m2/repository/org/apache/logging/log4j/log4j-to-slf4j/2.13.3/log4j-to-slf4j-2.13.3.jar:/Users/jocke/.m2/repository/org/apache/logging/log4j/log4j-api/2.13.3/log4j-api-2.13.3.jar:/Users/jocke/.m2/repository/org/slf4j/jul-to-slf4j/1.7.30/jul-to-slf4j-1.7.30.jar:/Users/jocke/.m2/repository/jakarta/annotation/jakarta.annotation-api/1.3.5/jakarta.annotation-api-1.3.5.jar:/Users/jocke/.m2/repository/org/yaml/snakeyaml/1.26/snakeyaml-1.26.jar:/Users/jocke/.m2/repository/org/springframework/boot/spring-boot-starter-json/2.3.4.RELEASE/spring-boot-starter-json-2.3.4.RELEASE.jar:/Users/jocke/.m2/repository/com/fasterxml/jackson/datatype/jackson-datatype-jdk8/2.11.2/jackson-datatype-jdk8-2.11.2.jar:/Users/jocke/.m2/repository/com/fasterxml/jackson/module/jackson-module-parameter-names/2.11.2/jackson-module-parameter-names-2.11.2.jar:/Users/jocke/.m2/repository/org/springframework/boot/spring-boot-starter-tomcat/2.3.4.RELEASE/spring-boot-starter-tomcat-2.3.4.RELEASE.jar:/Users/jocke/.m2/repository/org/apache/tomcat/embed/tomcat-embed-core/9.0.38/tomcat-embed-core-9.0.38.jar:/Users/jocke/.m2/repository/org/glassfish/jakarta.el/3.0.3/jakarta.el-3.0.3.jar:/Users/jocke/.m2/repository/org/apache/tomcat/embed/tomcat-embed-websocket/9.0.38/tomcat-embed-websocket-9.0.38.jar:/Users/jocke/.m2/repository/org/springframework/spring-web/5.2.9.RELEASE/spring-web-5.2.9.RELEASE.jar:/Users/jocke/.m2/repository/org/springframework/spring-beans/5.2.9.RELEASE/spring-beans-5.2.9.RELEASE.jar:/Users/jocke/.m2/repository/org/springframework/spring-webmvc/5.2.9.RELEASE/spring-webmvc-5.2.9.RELEASE.jar:/Users/jocke/.m2/repository/org/springframework/spring-context/5.2.9.RELEASE/spring-context-5.2.9.RELEASE.jar:/Users/jocke/.m2/repository/org/springframework/spring-expression/5.2.9.RELEASE/spring-expression-5.2.9.RELEASE.jar:/Users/jocke/.m2/repository/org/springframework/boot/spring-boot-starter-aop/2.3.4.RELEASE/spring-boot-starter-aop-2.3.4.RELEASE.jar:/Users/jocke/.m2/repository/org/springframework/spring-aop/5.2.9.RELEASE/spring-aop-5.2.9.RELEASE.jar:/Users/jocke/.m2/repository/org/aspectj/aspectjweaver/1.9.2/aspectjweaver-1.9.2.jar:/Users/jocke/.m2/repository/com/fasterxml/jackson/core/jackson-core/2.12.1/jackson-core-2.12.1.jar:/Users/jocke/.m2/repository/com/fasterxml/jackson/core/jackson-databind/2.12.1/jackson-databind-2.12.1.jar:/Users/jocke/.m2/repository/com/fasterxml/jackson/core/jackson-annotations/2.12.1/jackson-annotations-2.12.1.jar:/Users/jocke/.m2/repository/com/fasterxml/jackson/datatype/jackson-datatype-jsr310/2.12.1/jackson-datatype-jsr310-2.12.1.jar:/Users/jocke/.m2/repository/org/springframework/boot/spring-boot-starter-test/2.3.4.RELEASE/spring-boot-starter-test-2.3.4.RELEASE.jar:/Users/jocke/.m2/repository/org/springframework/boot/spring-boot-test/2.3.4.RELEASE/spring-boot-test-2.3.4.RELEASE.jar:/Users/jocke/.m2/repository/org/springframework/boot/spring-boot-test-autoconfigure/2.3.4.RELEASE/spring-boot-test-autoconfigure-2.3.4.RELEASE.jar:/Users/jocke/.m2/repository/com/jayway/jsonpath/json-path/2.4.0/json-path-2.4.0.jar:/Users/jocke/.m2/repository/net/minidev/json-smart/2.3/json-smart-2.3.jar:/Users/jocke/.m2/repository/net/minidev/accessors-smart/1.2/accessors-smart-1.2.jar:/Users/jocke/.m2/repository/org/ow2/asm/asm/5.0.4/asm-5.0.4.jar:/Users/jocke/.m2/repository/org/slf4j/slf4j-api/1.7.25/slf4j-api-1.7.25.jar:/Users/jocke/.m2/repository/jakarta/xml/bind/jakarta.xml.bind-api/2.3.3/jakarta.xml.bind-api-2.3.3.jar:/Users/jocke/.m2/repository/jakarta/activation/jakarta.activation-api/1.2.2/jakarta.activation-api-1.2.2.jar:/Users/jocke/.m2/repository/org/assertj/assertj-core/3.16.1/assertj-core-3.16.1.jar:/Users/jocke/.m2/repository/org/hamcrest/hamcrest/2.2/hamcrest-2.2.jar:/Users/jocke/.m2/repository/org/junit/jupiter/junit-jupiter/5.6.2/junit-jupiter-5.6.2.jar:/Users/jocke/.m2/repository/org/skyscreamer/jsonassert/1.5.0/jsonassert-1.5.0.jar:/Users/jocke/.m2/repository/com/vaadin/external/google/android-json/0.0.20131108.vaadin1/android-json-0.0.20131108.vaadin1.jar:/Users/jocke/.m2/repository/org/springframework/spring-test/5.2.9.RELEASE/spring-test-5.2.9.RELEASE.jar:/Users/jocke/.m2/repository/org/xmlunit/xmlunit-core/2.7.0/xmlunit-core-2.7.0.jar:/Users/jocke/.m2/repository/org/liquibase/liquibase-core/4.1.1/liquibase-core-4.1.1.jar:/Users/jocke/.m2/repository/javax/xml/bind/jaxb-api/2.3.0/jaxb-api-2.3.0.jar:/Users/jocke/.m2/repository/org/springframework/boot/spring-boot-starter-data-jpa/2.3.4.RELEASE/spring-boot-starter-data-jpa-2.3.4.RELEASE.jar:/Users/jocke/.m2/repository/org/springframework/boot/spring-boot-starter-jdbc/2.3.4.RELEASE/spring-boot-starter-jdbc-2.3.4.RELEASE.jar:/Users/jocke/.m2/repository/com/zaxxer/HikariCP/3.4.5/HikariCP-3.4.5.jar:/Users/jocke/.m2/repository/org/springframework/spring-jdbc/5.2.9.RELEASE/spring-jdbc-5.2.9.RELEASE.jar:/Users/jocke/.m2/repository/jakarta/transaction/jakarta.transaction-api/1.3.3/jakarta.transaction-api-1.3.3.jar:/Users/jocke/.m2/repository/jakarta/persistence/jakarta.persistence-api/2.2.3/jakarta.persistence-api-2.2.3.jar:/Users/jocke/.m2/repository/org/hibernate/hibernate-core/5.4.21.Final/hibernate-core-5.4.21.Final.jar:/Users/jocke/.m2/repository/org/jboss/logging/jboss-logging/3.3.2.Final/jboss-logging-3.3.2.Final.jar:/Users/jocke/.m2/repository/org/javassist/javassist/3.24.0-GA/javassist-3.24.0-GA.jar:/Users/jocke/.m2/repository/antlr/antlr/2.7.7/antlr-2.7.7.jar:/Users/jocke/.m2/repository/org/jboss/jandex/2.1.3.Final/jandex-2.1.3.Final.jar:/Users/jocke/.m2/repository/com/fasterxml/classmate/1.5.1/classmate-1.5.1.jar:/Users/jocke/.m2/repository/org/dom4j/dom4j/2.1.3/dom4j-2.1.3.jar:/Users/jocke/.m2/repository/org/hibernate/common/hibernate-commons-annotations/5.1.0.Final/hibernate-commons-annotations-5.1.0.Final.jar:/Users/jocke/.m2/repository/org/glassfish/jaxb/jaxb-runtime/2.3.1/jaxb-runtime-2.3.1.jar:/Users/jocke/.m2/repository/org/glassfish/jaxb/txw2/2.3.1/txw2-2.3.1.jar:/Users/jocke/.m2/repository/com/sun/istack/istack-commons-runtime/3.0.7/istack-commons-runtime-3.0.7.jar:/Users/jocke/.m2/repository/org/jvnet/staxex/stax-ex/1.8/stax-ex-1.8.jar:/Users/jocke/.m2/repository/com/sun/xml/fastinfoset/FastInfoset/1.2.15/FastInfoset-1.2.15.jar:/Users/jocke/.m2/repository/org/springframework/data/spring-data-jpa/2.3.4.RELEASE/spring-data-jpa-2.3.4.RELEASE.jar:/Users/jocke/.m2/repository/org/springframework/data/spring-data-commons/2.3.4.RELEASE/spring-data-commons-2.3.4.RELEASE.jar:/Users/jocke/.m2/repository/org/springframework/spring-orm/5.2.9.RELEASE/spring-orm-5.2.9.RELEASE.jar:/Users/jocke/.m2/repository/org/springframework/spring-tx/5.2.9.RELEASE/spring-tx-5.2.9.RELEASE.jar:/Users/jocke/.m2/repository/org/springframework/spring-aspects/5.2.9.RELEASE/spring-aspects-5.2.9.RELEASE.jar:/Users/jocke/.m2/repository/com/h2database/h2/1.4.200/h2-1.4.200.jar:/Users/jocke/.m2/repository/org/projectlombok/lombok/1.18.20/lombok-1.18.20.jar:/Users/jocke/.m2/repository/org/junit/jupiter/junit-jupiter-api/5.7.0/junit-jupiter-api-5.7.0.jar:/Users/jocke/.m2/repository/org/apiguardian/apiguardian-api/1.1.0/apiguardian-api-1.1.0.jar:/Users/jocke/.m2/repository/org/opentest4j/opentest4j/1.2.0/opentest4j-1.2.0.jar:/Users/jocke/.m2/repository/org/junit/platform/junit-platform-commons/1.7.0/junit-platform-commons-1.7.0.jar:/Users/jocke/.m2/repository/org/junit/jupiter/junit-jupiter-engine/5.7.0/junit-jupiter-engine-5.7.0.jar:/Users/jocke/.m2/repository/org/junit/platform/junit-platform-engine/1.7.0/junit-platform-engine-1.7.0.jar:/Users/jocke/.m2/repository/org/junit/platform/junit-platform-runner/1.7.0/junit-platform-runner-1.7.0.jar:/Users/jocke/.m2/repository/junit/junit/4.13/junit-4.13.jar:/Users/jocke/.m2/repository/org/hamcrest/hamcrest-core/1.3/hamcrest-core-1.3.jar:/Users/jocke/.m2/repository/org/junit/platform/junit-platform-launcher/1.7.0/junit-platform-launcher-1.7.0.jar:/Users/jocke/.m2/repository/org/junit/platform/junit-platform-suite-api/1.7.0/junit-platform-suite-api-1.7.0.jar:/Users/jocke/.m2/repository/org/junit/jupiter/junit-jupiter-params/5.7.0/junit-jupiter-params-5.7.0.jar:/Users/jocke/.m2/repository/org/junit/vintage/junit-vintage-engine/5.2.0/junit-vintage-engine-5.2.0.jar:/Users/jocke/.m2/repository/io/cucumber/cucumber-java/6.9.1/cucumber-java-6.9.1.jar:/Users/jocke/.m2/repository/io/cucumber/cucumber-core/6.9.1/cucumber-core-6.9.1.jar:/Users/jocke/.m2/repository/io/cucumber/cucumber-gherkin/6.9.1/cucumber-gherkin-6.9.1.jar:/Users/jocke/.m2/repository/io/cucumber/cucumber-gherkin-messages/6.9.1/cucumber-gherkin-messages-6.9.1.jar:/Users/jocke/.m2/repository/io/cucumber/messages/13.2.1/messages-13.2.1.jar:/Users/jocke/.m2/repository/io/cucumber/tag-expressions/3.0.0/tag-expressions-3.0.0.jar:/Users/jocke/.m2/repository/io/cucumber/cucumber-expressions/10.3.0/cucumber-expressions-10.3.0.jar:/Users/jocke/.m2/repository/io/cucumber/datatable/3.5.0/datatable-3.5.0.jar:/Users/jocke/.m2/repository/io/cucumber/cucumber-plugin/6.9.1/cucumber-plugin-6.9.1.jar:/Users/jocke/.m2/repository/io/cucumber/docstring/6.9.1/docstring-6.9.1.jar:/Users/jocke/.m2/repository/io/cucumber/html-formatter/9.0.0/html-formatter-9.0.0.jar:/Users/jocke/.m2/repository/io/cucumber/create-meta/2.0.4/create-meta-2.0.4.jar:/Users/jocke/.m2/repository/io/cucumber/cucumber-junit/6.9.1/cucumber-junit-6.9.1.jar:/Users/jocke/.m2/repository/io/cucumber/cucumber-spring/6.9.1/cucumber-spring-6.9.1.jar:/Users/jocke/.m2/repository/org/mockito/mockito-core/3.7.7/mockito-core-3.7.7.jar:/Users/jocke/.m2/repository/net/bytebuddy/byte-buddy/1.10.19/byte-buddy-1.10.19.jar:/Users/jocke/.m2/repository/net/bytebuddy/byte-buddy-agent/1.10.19/byte-buddy-agent-1.10.19.jar:/Users/jocke/.m2/repository/org/objenesis/objenesis/3.1/objenesis-3.1.jar:/Users/jocke/.m2/repository/org/mockito/mockito-junit-jupiter/2.28.2/mockito-junit-jupiter-2.28.2.jar:/Users/jocke/.m2/repository/org/seleniumhq/selenium/selenium-java/3.141.59/selenium-java-3.141.59.jar:/Users/jocke/.m2/repository/org/seleniumhq/selenium/selenium-api/3.141.59/selenium-api-3.141.59.jar:/Users/jocke/.m2/repository/org/seleniumhq/selenium/selenium-chrome-driver/3.141.59/selenium-chrome-driver-3.141.59.jar:/Users/jocke/.m2/repository/org/seleniumhq/selenium/selenium-edge-driver/3.141.59/selenium-edge-driver-3.141.59.jar:/Users/jocke/.m2/repository/org/seleniumhq/selenium/selenium-firefox-driver/3.141.59/selenium-firefox-driver-3.141.59.jar:/Users/jocke/.m2/repository/org/seleniumhq/selenium/selenium-ie-driver/3.141.59/selenium-ie-driver-3.141.59.jar:/Users/jocke/.m2/repository/org/seleniumhq/selenium/selenium-opera-driver/3.141.59/selenium-opera-driver-3.141.59.jar:/Users/jocke/.m2/repository/org/seleniumhq/selenium/selenium-remote-driver/3.141.59/selenium-remote-driver-3.141.59.jar:/Users/jocke/.m2/repository/org/seleniumhq/selenium/selenium-safari-driver/3.141.59/selenium-safari-driver-3.141.59.jar:/Users/jocke/.m2/repository/org/seleniumhq/selenium/selenium-support/3.141.59/selenium-support-3.141.59.jar:/Users/jocke/.m2/repository/org/apache/commons/commons-exec/1.3/commons-exec-1.3.jar:/Users/jocke/.m2/repository/com/squareup/okhttp3/okhttp/3.11.0/okhttp-3.11.0.jar:/Users/jocke/.m2/repository/com/squareup/okio/okio/1.14.0/okio-1.14.0.jar:"/>
    <property name="sun.cpu.endian" value="little"/>
    <property name="user.home" value="/Users/jocke"/>
    <property name="user.language" value="sv"/>
    <property name="java.specification.vendor" value="Oracle Corporation"/>
    <property name="java.version.date" value="2021-09-14"/>
    <property name="java.home" value="/Library/Java/JavaVirtualMachines/jdk-17.jdk/Contents/Home"/>
    <property name="file.separator" value="/"/>
    <property name="basedir" value="/Users/jocke/development/jensen-project/jensen-project-test"/>
    <property name="java.vm.compressedOopsMode" value="Zero based"/>
    <property name="line.separator" value="&#10;"/>
    <property name="java.specification.name" value="Java Platform API Specification"/>
    <property name="java.vm.specification.vendor" value="Oracle Corporation"/>
    <property name="surefire.real.class.path" value="/Users/jocke/development/jensen-project/jensen-project-test/target/surefire/surefirebooter575371522479063099.jar"/>
    <property name="sun.management.compiler" value="HotSpot 64-Bit Tiered Compilers"/>
    <property name="ftp.nonProxyHosts" value="local|*.local|169.254/16|*.169.254/16"/>
    <property name="java.runtime.version" value="17+35-LTS-2724"/>
    <property name="user.name" value="jocke"/>
    <property name="path.separator" value=":"/>
    <property name="os.version" value="12.0.1"/>
    <property name="java.runtime.name" value="Java(TM) SE Runtime Environment"/>
    <property name="file.encoding" value="UTF-8"/>
    <property name="java.vm.name" value="Java HotSpot(TM) 64-Bit Server VM"/>
    <property name="localRepository" value="/Users/jocke/.m2/repository"/>
    <property name="java.vendor.url.bug" value="https://bugreport.java.com/bugreport/"/>
    <property name="java.io.tmpdir" value="/var/folders/bq/r1nbkzdd1ksb17xb_cyrhrs80000gn/T/"/>
    <property name="java.version" value="17"/>
    <property name="user.dir" value="/Users/jocke/development/jensen-project/jensen-project-test"/>
    <property name="os.arch" value="x86_64"/>
    <property name="java.vm.specification.name" value="Java Virtual Machine Specification"/>
    <property name="native.encoding" value="UTF-8"/>
    <property name="java.library.path" value="/Users/jocke/Library/Java/Extensions:/Library/Java/Extensions:/Network/Library/Java/Extensions:/System/Library/Java/Extensions:/usr/lib/java:."/>
    <property name="java.vm.info" value="mixed mode, sharing"/>
    <property name="java.vendor" value="Oracle Corporation"/>
    <property name="java.vm.version" value="17+35-LTS-2724"/>
    <property name="sun.io.unicode.encoding" value="UnicodeBig"/>
    <property name="socksNonProxyHosts" value="local|*.local|169.254/16|*.169.254/16"/>
    <property name="java.class.version" value="61.0"/>
  </properties>
  <testcase name="" classname="JUnit Jupiter" time="0.008"/>
  <testcase name="" classname="JUnit Vintage" time="0.001"/>
</testsuite>