<?xml version="1.0" encoding="UTF-8"?>
<testsuite xmlns:xsi="http://www.w3.org/2001/XMLSchema-instance" xsi:noNamespaceSchemaLocation="https://maven.apache.org/surefire/maven-surefire-plugin/xsd/surefire-test-report-3.0.xsd" version="3.0" name="se.jensen.project.department.integrationtest.DepartmentIntegrationTest" time="6.185" tests="5" errors="0" skipped="0" failures="0">
  <properties>
    <property name="java.specification.version" value="17"/>
    <property name="sun.jnu.encoding" value="UTF-8"/>
    <property name="java.class.path" value="/Users/jocke/development/jensen-project/jensen-project-test/target/test-classes:/Users/jocke/development/jensen-project/jensen-project-test/target/classes:/Users/jocke/development/jensen-project/jensen-project-common/target/jensen-project-common-1.0-SNAPSHOT.jar:/Users/jocke/.m2/repository/org/springframework/spring-core/5.2.10.RELEASE/spring-core-5.2.10.RELEASE.jar:/Users/jocke/.m2/repository/org/springframework/spring-jcl/5.2.10.RELEASE/spring-jcl-5.2.10.RELEASE.jar:/Users/jocke/development/jensen-project/jensen-project-department/target/jensen-project-department-1.0-SNAPSHOT.jar:/Users/jocke/development/jensen-project/jensen-project-employee/target/jensen-project-employee-1.0-SNAPSHOT.jar:/Users/jocke/.m2/repository/com/google/code/gson/gson/2.8.6/gson-2.8.6.jar:/Users/jocke/.m2/repository/com/google/guava/guava/29.0-jre/guava-29.0-jre.jar:/Users/jocke/.m2/repository/com/google/guava/failureaccess/1.0.1/failureaccess-1.0.1.jar:/Users/jocke/.m2/repository/com/google/guava/listenablefuture/9999.0-empty-to-avoid-conflict-with-guava/listenablefuture-9999.0-empty-to-avoid-conflict-with-guava.jar:/Users/jocke/.m2/repository/com/google/code/findbugs/jsr305/3.0.2/jsr305-3.0.2.jar:/Users/jocke/.m2/repository/org/checkerframework/checker-qual/2.11.1/checker-qual-2.11.1.jar:/Users/jocke/.m2/repository/com/google/errorprone/error_prone_annotations/2.3.4/error_prone_annotations-2.3.4.jar:/Users/jocke/.m2/repository/com/google/j2objc/j2objc-annotations/1.3/j2objc-annotations-1.3.jar:/Users/jocke/.m2/repository/org/springframework/boot/spring-boot-starter-web/2.3.4.RELEASE/spring-boot-starter-web-2.3.4.RELEASE.jar:/Users/jocke/.m2/repository/org/springframework/boot/spring-boot-starter/2.3.4.RELEASE/spring-boot-starter-2.3.4.RELEASE.jar:/Users/jocke/.m2/repository/org/springframework/boot/spring-boot/2.3.4.RELEASE/spring-boot-2.3.4.RELEASE.jar:/Users/jocke/.m2/repository/org/springframework/boot/spring-boot-autoconfigure/2.3.4.RELEASE/spring-boot-autoconfigure-2.3.4.RELEASE.jar:/Users/jocke/.m2/repository/org/springframework/boot/spring-boot-starter-logging/2.3.4.RELEASE/spring-boot-starter-logging-2.3.4.RELEASE.jar:/Users/jocke/.m2/repository/ch/qos/logback/logback-classic/1.2.3/logback-classic-1.2.3.jar:/Users/jocke/.m2/repository/ch/qos/logback/logback-core/1.2.3/logback-core-1.2.3.jar:/Users/jocke/.m2/repository/org/apache/logging/log4j/log4j-to-slf4j/2.13.3/log4j-to-slf4j-2.13.3.jar:/Users/jocke/.m2/repository/org/apache/logging/log4j/log4j-api/2.13.3/log4j-api-2.13.3.jar:/Users/jocke/.m2/repository/org/slf4j/jul-to-slf4j/1.7.30/jul-to-slf4j-1.7.30.jar:/Users/jocke/.m2/repository/jakarta/annotation/jakarta.annotation-api/1.3.5/jakarta.annotation-api-1.3.5.jar:/Users/jocke/.m2/repository/org/yaml/snakeyaml/1.26/snakeyaml-1.26.jar:/Users/jocke/.m2/repository/org/springframework/boot/spring-boot-starter-json/2.3.4.RELEASE/spring-boot-starter-json-2.3.4.RELEASE.jar:/Users/jocke/.m2/repository/com/fasterxml/jackson/datatype/jackson-datatype-jdk8/2.11.2/jackson-datatype-jdk8-2.11.2.jar:/Users/jocke/.m2/repository/com/fasterxml/jackson/module/jackson-module-parameter-names/2.11.2/jackson-module-parameter-names-2.11.2.jar:/Users/jocke/.m2/repository/org/springframework/boot/spring-boot-starter-tomcat/2.3.4.RELEASE/spring-boot-starter-tomcat-2.3.4.RELEASE.jar:/Users/jocke/.m2/repository/org/apache/tomcat/embed/tomcat-embed-core/9.0.38/tomcat-embed-core-9.0.38.jar:/Users/jocke/.m2/repository/org/glassfish/jakarta.el/3.0.3/jakarta.el-3.0.3.jar:/Users/jocke/.m2/repository/org/apache/tomcat/embed/tomcat-embed-websocket/9.0.38/tomcat-embed-websocket-9.0.38.jar:/Users/jocke/.m2/repository/org/springframework/spring-web/5.2.9.RELEASE/spring-web-5.2.9.RELEASE.jar:/Users/jocke/.m2/repository/org/springframework/spring-beans/5.2.9.RELEASE/spring-beans-5.2.9.RELEASE.jar:/Users/jocke/.m2/repository/org/springframework/spring-webmvc/5.2.9.RELEASE/spring-webmvc-5.2.9.RELEASE.jar:/Users/jocke/.m2/repository/org/springframework/spring-context/5.2.9.RELEASE/spring-context-5.2.9.RELEASE.jar:/Users/jocke/.m2/repository/org/springframework/spring-expression/5.2.9.RELEASE/spring-expression-5.2.9.RELEASE.jar:/Users/jocke/.m2/repository/org/springframework/boot/spring-boot-starter-aop/2.3.4.RELEASE/spring-boot-starter-aop-2.3.4.RELEASE.jar:/Users/jocke/.m2/repository/org/springframework/spring-aop/5.2.9.RELEASE/spring-aop-5.2.9.RELEASE.jar:/Users/jocke/.m2/repository/org/aspectj/aspectjweaver/1.9.2/aspectjweaver-1.9.2.jar:/Users/jocke/.m2/repository/com/fasterxml/jackson/core/jackson-core/2.12.1/jackson-core-2.12.1.jar:/Users/jocke/.m2/repository/com/fasterxml/jackson/core/jackson-databind/2.12.1/jackson-databind-2.12.1.jar:/Users/jocke/.m2/repository/com/fasterxml/jackson/core/jackson-annotations/2.12.1/jackson-annotations-2.12.1.jar:/Users/jocke/.m2/repository/com/fasterxml/jackson/datatype/jackson-datatype-jsr310/2.12.1/jackson-datatype-jsr310-2.12.1.jar:/Users/jocke/.m2/repository/org/springframework/boot/spring-boot-starter-test/2.3.4.RELEASE/spring-boot-starter-test-2.3.4.RELEASE.jar:/Users/jocke/.m2/repository/org/springframework/boot/spring-boot-test/2.3.4.RELEASE/spring-boot-test-2.3.4.RELEASE.jar:/Users/jocke/.m2/repository/org/springframework/boot/spring-boot-test-autoconfigure/2.3.4.RELEASE/spring-boot-test-autoconfigure-2.3.4.RELEASE.jar:/Users/jocke/.m2/repository/com/jayway/jsonpath/json-path/2.4.0/json-path-2.4.0.jar:/Users/jocke/.m2/repository/net/minidev/json-smart/2.3/json-smart-2.3.jar:/Users/jocke/.m2/repository/net/minidev/accessors-smart/1.2/accessors-smart-1.2.jar:/Users/jocke/.m2/repository/org/ow2/asm/asm/5.0.4/asm-5.0.4.jar:/Users/jocke/.m2/repository/org/slf4j/slf4j-api/1.7.25/slf4j-api-1.7.25.jar:/Users/jocke/.m2/repository/jakarta/xml/bind/jakarta.xml.bind-api/2.3.3/jakarta.xml.bind-api-2.3.3.jar:/Users/jocke/.m2/repository/jakarta/activation/jakarta.activation-api/1.2.2/jakarta.activation-api-1.2.2.jar:/Users/jocke/.m2/repository/org/assertj/assertj-core/3.16.1/assertj-core-3.16.1.jar:/Users/jocke/.m2/repository/org/hamcrest/hamcrest/2.2/hamcrest-2.2.jar:/Users/jocke/.m2/repository/org/junit/jupiter/junit-jupiter/5.6.2/junit-jupiter-5.6.2.jar:/Users/jocke/.m2/repository/org/skyscreamer/jsonassert/1.5.0/jsonassert-1.5.0.jar:/Users/jocke/.m2/repository/com/vaadin/external/google/android-json/0.0.20131108.vaadin1/android-json-0.0.20131108.vaadin1.jar:/Users/jocke/.m2/repository/org/springframework/spring-test/5.2.9.RELEASE/spring-test-5.2.9.RELEASE.jar:/Users/jocke/.m2/repository/org/xmlunit/xmlunit-core/2.7.0/xmlunit-core-2.7.0.jar:/Users/jocke/.m2/repository/org/liquibase/liquibase-core/4.1.1/liquibase-core-4.1.1.jar:/Users/jocke/.m2/repository/javax/xml/bind/jaxb-api/2.3.0/jaxb-api-2.3.0.jar:/Users/jocke/.m2/repository/org/springframework/boot/spring-boot-starter-data-jpa/2.3.4.RELEASE/spring-boot-starter-data-jpa-2.3.4.RELEASE.jar:/Users/jocke/.m2/repository/org/springframework/boot/spring-boot-starter-jdbc/2.3.4.RELEASE/spring-boot-starter-jdbc-2.3.4.RELEASE.jar:/Users/jocke/.m2/repository/com/zaxxer/HikariCP/3.4.5/HikariCP-3.4.5.jar:/Users/jocke/.m2/repository/org/springframework/spring-jdbc/5.2.9.RELEASE/spring-jdbc-5.2.9.RELEASE.jar:/Users/jocke/.m2/repository/jakarta/transaction/jakarta.transaction-api/1.3.3/jakarta.transaction-api-1.3.3.jar:/Users/jocke/.m2/repository/jakarta/persistence/jakarta.persistence-api/2.2.3/jakarta.persistence-api-2.2.3.jar:/Users/jocke/.m2/repository/org/hibernate/hibernate-core/5.4.21.Final/hibernate-core-5.4.21.Final.jar:/Users/jocke/.m2/repository/org/jboss/logging/jboss-logging/3.3.2.Final/jboss-logging-3.3.2.Final.jar:/Users/jocke/.m2/repository/org/javassist/javassist/3.24.0-GA/javassist-3.24.0-GA.jar:/Users/jocke/.m2/repository/antlr/antlr/2.7.7/antlr-2.7.7.jar:/Users/jocke/.m2/repository/org/jboss/jandex/2.1.3.Final/jandex-2.1.3.Final.jar:/Users/jocke/.m2/repository/com/fasterxml/classmate/1.5.1/classmate-1.5.1.jar:/Users/jocke/.m2/repository/org/dom4j/dom4j/2.1.3/dom4j-2.1.3.jar:/Users/jocke/.m2/repository/org/hibernate/common/hibernate-commons-annotations/5.1.0.Final/hibernate-commons-annotations-5.1.0.Final.jar:/Users/jocke/.m2/repository/org/glassfish/jaxb/jaxb-runtime/2.3.1/jaxb-runtime-2.3.1.jar:/Users/jocke/.m2/repository/org/glassfish/jaxb/txw2/2.3.1/txw2-2.3.1.jar:/Users/jocke/.m2/repository/com/sun/istack/istack-commons-runtime/3.0.7/istack-commons-runtime-3.0.7.jar:/Users/jocke/.m2/repository/org/jvnet/staxex/stax-ex/1.8/stax-ex-1.8.jar:/Users/jocke/.m2/repository/com/sun/xml/fastinfoset/FastInfoset/1.2.15/FastInfoset-1.2.15.jar:/Users/jocke/.m2/repository/org/springframework/data/spring-data-jpa/2.3.4.RELEASE/spring-data-jpa-2.3.4.RELEASE.jar:/Users/jocke/.m2/repository/org/springframework/data/spring-data-commons/2.3.4.RELEASE/spring-data-commons-2.3.4.RELEASE.jar:/Users/jocke/.m2/repository/org/springframework/spring-orm/5.2.9.RELEASE/spring-orm-5.2.9.RELEASE.jar:/Users/jocke/.m2/repository/org/springframework/spring-tx/5.2.9.RELEASE/spring-tx-5.2.9.RELEASE.jar:/Users/jocke/.m2/repository/org/springframework/spring-aspects/5.2.9.RELEASE/spring-aspects-5.2.9.RELEASE.jar:/Users/jocke/.m2/repository/com/h2database/h2/1.4.200/h2-1.4.200.jar:/Users/jocke/.m2/repository/org/projectlombok/lombok/1.18.20/lombok-1.18.20.jar:/Users/jocke/.m2/repository/org/junit/jupiter/junit-jupiter-api/5.7.0/junit-jupiter-api-5.7.0.jar:/Users/jocke/.m2/repository/org/apiguardian/apiguardian-api/1.1.0/apiguardian-api-1.1.0.jar:/Users/jocke/.m2/repository/org/opentest4j/opentest4j/1.2.0/opentest4j-1.2.0.jar:/Users/jocke/.m2/repository/org/junit/platform/junit-platform-commons/1.7.0/junit-platform-commons-1.7.0.jar:/Users/jocke/.m2/repository/org/junit/jupiter/junit-jupiter-engine/5.7.0/junit-jupiter-engine-5.7.0.jar:/Users/jocke/.m2/repository/org/junit/platform/junit-platform-engine/1.7.0/junit-platform-engine-1.7.0.jar:/Users/jocke/.m2/repository/org/junit/platform/junit-platform-runner/1.7.0/junit-platform-runner-1.7.0.jar:/Users/jocke/.m2/repository/junit/junit/4.13/junit-4.13.jar:/Users/jocke/.m2/repository/org/hamcrest/hamcrest-core/1.3/hamcrest-core-1.3.jar:/Users/jocke/.m2/repository/org/junit/platform/junit-platform-launcher/1.7.0/junit-platform-launcher-1.7.0.jar:/Users/jocke/.m2/repository/org/junit/platform/junit-platform-suite-api/1.7.0/junit-platform-suite-api-1.7.0.jar:/Users/jocke/.m2/repository/org/junit/jupiter/junit-jupiter-params/5.7.0/junit-jupiter-params-5.7.0.jar:/Users/jocke/.m2/repository/org/junit/vintage/junit-vintage-engine/5.2.0/junit-vintage-engine-5.2.0.jar:/Users/jocke/.m2/repository/io/cucumber/cucumber-java/6.9.1/cucumber-java-6.9.1.jar:/Users/jocke/.m2/repository/io/cucumber/cucumber-core/6.9.1/cucumber-core-6.9.1.jar:/Users/jocke/.m2/repository/io/cucumber/cucumber-gherkin/6.9.1/cucumber-gherkin-6.9.1.jar:/Users/jocke/.m2/repository/io/cucumber/cucumber-gherkin-messages/6.9.1/cucumber-gherkin-messages-6.9.1.jar:/Users/jocke/.m2/repository/io/cucumber/messages/13.2.1/messages-13.2.1.jar:/Users/jocke/.m2/repository/io/cucumber/tag-expressions/3.0.0/tag-expressions-3.0.0.jar:/Users/jocke/.m2/repository/io/cucumber/cucumber-expressions/10.3.0/cucumber-expressions-10.3.0.jar:/Users/jocke/.m2/repository/io/cucumber/datatable/3.5.0/datatable-3.5.0.jar:/Users/jocke/.m2/repository/io/cucumber/cucumber-plugin/6.9.1/cucumber-plugin-6.9.1.jar:/Users/jocke/.m2/repository/io/cucumber/docstring/6.9.1/docstring-6.9.1.jar:/Users/jocke/.m2/repository/io/cucumber/html-formatter/9.0.0/html-formatter-9.0.0.jar:/Users/jocke/.m2/repository/io/cucumber/create-meta/2.0.4/create-meta-2.0.4.jar:/Users/jocke/.m2/repository/io/cucumber/cucumber-junit/6.9.1/cucumber-junit-6.9.1.jar:/Users/jocke/.m2/repository/io/cucumber/cucumber-spring/6.9.1/cucumber-spring-6.9.1.jar:/Users/jocke/.m2/repository/org/mockito/mockito-core/3.7.7/mockito-core-3.7.7.jar:/Users/jocke/.m2/repository/net/bytebuddy/byte-buddy/1.10.19/byte-buddy-1.10.19.jar:/Users/jocke/.m2/repository/net/bytebuddy/byte-buddy-agent/1.10.19/byte-buddy-agent-1.10.19.jar:/Users/jocke/.m2/repository/org/objenesis/objenesis/3.1/objenesis-3.1.jar:/Users/jocke/.m2/repository/org/mockito/mockito-junit-jupiter/2.28.2/mockito-junit-jupiter-2.28.2.jar:/Users/jocke/.m2/repository/org/seleniumhq/selenium/selenium-java/3.141.59/selenium-java-3.141.59.jar:/Users/jocke/.m2/repository/org/seleniumhq/selenium/selenium-api/3.141.59/selenium-api-3.141.59.jar:/Users/jocke/.m2/repository/org/seleniumhq/selenium/selenium-chrome-driver/3.141.59/selenium-chrome-driver-3.141.59.jar:/Users/jocke/.m2/repository/org/seleniumhq/selenium/selenium-edge-driver/3.141.59/selenium-edge-driver-3.141.59.jar:/Users/jocke/.m2/repository/org/seleniumhq/selenium/selenium-firefox-driver/3.141.59/selenium-firefox-driver-3.141.59.jar:/Users/jocke/.m2/repository/org/seleniumhq/selenium/selenium-ie-driver/3.141.59/selenium-ie-driver-3.141.59.jar:/Users/jocke/.m2/repository/org/seleniumhq/selenium/selenium-opera-driver/3.141.59/selenium-opera-driver-3.141.59.jar:/Users/jocke/.m2/repository/org/seleniumhq/selenium/selenium-remote-driver/3.141.59/selenium-remote-driver-3.141.59.jar:/Users/jocke/.m2/repository/org/seleniumhq/selenium/selenium-safari-driver/3.141.59/selenium-safari-driver-3.141.59.jar:/Users/jocke/.m2/repository/org/seleniumhq/selenium/selenium-support/3.141.59/selenium-support-3.141.59.jar:/Users/jocke/.m2/repository/org/apache/commons/commons-exec/1.3/commons-exec-1.3.jar:/Users/jocke/.m2/repository/com/squareup/okhttp3/okhttp/3.11.0/okhttp-3.11.0.jar:/Users/jocke/.m2/repository/com/squareup/okio/okio/1.14.0/okio-1.14.0.jar:"/>
    <property name="java.vm.vendor" value="Oracle Corporation"/>
    <property name="sun.arch.data.model" value="64"/>
    <property name="java.vendor.url" value="https://java.oracle.com/"/>
    <property name="user.timezone" value="Europe/Stockholm"/>
    <property name="os.name" value="Mac OS X"/>
    <property name="java.vm.specification.version" value="17"/>
    <property name="sun.java.launcher" value="SUN_STANDARD"/>
    <property name="user.country" value="SE"/>
    <property name="sun.boot.library.path" value="/Library/Java/JavaVirtualMachines/jdk-17.jdk/Contents/Home/lib"/>
    <property name="sun.java.command" value="/Users/jocke/development/jensen-project/jensen-project-test/target/surefire/surefirebooter575371522479063099.jar /Users/jocke/development/jensen-project/jensen-project-test/target/surefire 2021-12-05T20-33-51_910-jvmRun1 surefire14689451959431316339tmp surefire_010986801616706110356tmp"/>
    <property name="http.nonProxyHosts" value="local|*.local|169.254/16|*.169.254/16"/>
    <property name="jdk.debug" value="release"/>
    <property name="surefire.test.class.path" value="/Users/jocke/development/jensen-project/jensen-project-test/target/test-classes:/Users/jocke/development/jensen-project/jensen-project-test/target/classes:/Users/jocke/development/jensen-project/jensen-project-common/target/jensen-project-common-1.0-SNAPSHOT.jar:/Users/jocke/.m2/repository/org/springframework/spring-core/5.2.10.RELEASE/spring-core-5.2.10.RELEASE.jar:/Users/jocke/.m2/repository/org/springframework/spring-jcl/5.2.10.RELEASE/spring-jcl-5.2.10.RELEASE.jar:/Users/jocke/development/jensen-project/jensen-project-department/target/jensen-project-department-1.0-SNAPSHOT.jar:/Users/jocke/development/jensen-project/jensen-project-employee/target/jensen-project-employee-1.0-SNAPSHOT.jar:/Users/jocke/.m2/repository/com/google/code/gson/gson/2.8.6/gson-2.8.6.jar:/Users/jocke/.m2/repository/com/google/guava/guava/29.0-jre/guava-29.0-jre.jar:/Users/jocke/.m2/repository/com/google/guava/failureaccess/1.0.1/failureaccess-1.0.1.jar:/Users/jocke/.m2/repository/com/google/guava/listenablefuture/9999.0-empty-to-avoid-conflict-with-guava/listenablefuture-9999.0-empty-to-avoid-conflict-with-guava.jar:/Users/jocke/.m2/repository/com/google/code/findbugs/jsr305/3.0.2/jsr305-3.0.2.jar:/Users/jocke/.m2/repository/org/checkerframework/checker-qual/2.11.1/checker-qual-2.11.1.jar:/Users/jocke/.m2/repository/com/google/errorprone/error_prone_annotations/2.3.4/error_prone_annotations-2.3.4.jar:/Users/jocke/.m2/repository/com/google/j2objc/j2objc-annotations/1.3/j2objc-annotations-1.3.jar:/Users/jocke/.m2/repository/org/springframework/boot/spring-boot-starter-web/2.3.4.RELEASE/spring-boot-starter-web-2.3.4.RELEASE.jar:/Users/jocke/.m2/repository/org/springframework/boot/spring-boot-starter/2.3.4.RELEASE/spring-boot-starter-2.3.4.RELEASE.jar:/Users/jocke/.m2/repository/org/springframework/boot/spring-boot/2.3.4.RELEASE/spring-boot-2.3.4.RELEASE.jar:/Users/jocke/.m2/repository/org/springframework/boot/spring-boot-autoconfigure/2.3.4.RELEASE/spring-boot-autoconfigure-2.3.4.RELEASE.jar:/Users/jocke/.m2/repository/org/springframework/boot/spring-boot-starter-logging/2.3.4.RELEASE/spring-boot-starter-logging-2.3.4.RELEASE.jar:/Users/jocke/.m2/repository/ch/qos/logback/logback-classic/1.2.3/logback-classic-1.2.3.jar:/Users/jocke/.m2/repository/ch/qos/logback/logback-core/1.2.3/logback-core-1.2.3.jar:/Users/jocke/.m2/repository/org/apache/logging/log4j/log4j-to-slf4j/2.13.3/log4j-to-slf4j-2.13.3.jar:/Users/jocke/.m2/repository/org/apache/logging/log4j/log4j-api/2.13.3/log4j-api-2.13.3.jar:/Users/jocke/.m2/repository/org/slf4j/jul-to-slf4j/1.7.30/jul-to-slf4j-1.7.30.jar:/Users/jocke/.m2/repository/jakarta/annotation/jakarta.annotation-api/1.3.5/jakarta.annotation-api-1.3.5.jar:/Users/jocke/.m2/repository/org/yaml/snakeyaml/1.26/snakeyaml-1.26.jar:/Users/jocke/.m2/repository/org/springframework/boot/spring-boot-starter-json/2.3.4.RELEASE/spring-boot-starter-json-2.3.4.RELEASE.jar:/Users/jocke/.m2/repository/com/fasterxml/jackson/datatype/jackson-datatype-jdk8/2.11.2/jackson-datatype-jdk8-2.11.2.jar:/Users/jocke/.m2/repository/com/fasterxml/jackson/module/jackson-module-parameter-names/2.11.2/jackson-module-parameter-names-2.11.2.jar:/Users/jocke/.m2/repository/org/springframework/boot/spring-boot-starter-tomcat/2.3.4.RELEASE/spring-boot-starter-tomcat-2.3.4.RELEASE.jar:/Users/jocke/.m2/repository/org/apache/tomcat/embed/tomcat-embed-core/9.0.38/tomcat-embed-core-9.0.38.jar:/Users/jocke/.m2/repository/org/glassfish/jakarta.el/3.0.3/jakarta.el-3.0.3.jar:/Users/jocke/.m2/repository/org/apache/tomcat/embed/tomcat-embed-websocket/9.0.38/tomcat-embed-websocket-9.0.38.jar:/Users/jocke/.m2/repository/org/springframework/spring-web/5.2.9.RELEASE/spring-web-5.2.9.RELEASE.jar:/Users/jocke/.m2/repository/org/springframework/spring-beans/5.2.9.RELEASE/spring-beans-5.2.9.RELEASE.jar:/Users/jocke/.m2/repository/org/springframework/spring-webmvc/5.2.9.RELEASE/spring-webmvc-5.2.9.RELEASE.jar:/Users/jocke/.m2/repository/org/springframework/spring-context/5.2.9.RELEASE/spring-context-5.2.9.RELEASE.jar:/Users/jocke/.m2/repository/org/springframework/spring-expression/5.2.9.RELEASE/spring-expression-5.2.9.RELEASE.jar:/Users/jocke/.m2/repository/org/springframework/boot/spring-boot-starter-aop/2.3.4.RELEASE/spring-boot-starter-aop-2.3.4.RELEASE.jar:/Users/jocke/.m2/repository/org/springframework/spring-aop/5.2.9.RELEASE/spring-aop-5.2.9.RELEASE.jar:/Users/jocke/.m2/repository/org/aspectj/aspectjweaver/1.9.2/aspectjweaver-1.9.2.jar:/Users/jocke/.m2/repository/com/fasterxml/jackson/core/jackson-core/2.12.1/jackson-core-2.12.1.jar:/Users/jocke/.m2/repository/com/fasterxml/jackson/core/jackson-databind/2.12.1/jackson-databind-2.12.1.jar:/Users/jocke/.m2/repository/com/fasterxml/jackson/core/jackson-annotations/2.12.1/jackson-annotations-2.12.1.jar:/Users/jocke/.m2/repository/com/fasterxml/jackson/datatype/jackson-datatype-jsr310/2.12.1/jackson-datatype-jsr310-2.12.1.jar:/Users/jocke/.m2/repository/org/springframework/boot/spring-boot-starter-test/2.3.4.RELEASE/spring-boot-starter-test-2.3.4.RELEASE.jar:/Users/jocke/.m2/repository/org/springframework/boot/spring-boot-test/2.3.4.RELEASE/spring-boot-test-2.3.4.RELEASE.jar:/Users/jocke/.m2/repository/org/springframework/boot/spring-boot-test-autoconfigure/2.3.4.RELEASE/spring-boot-test-autoconfigure-2.3.4.RELEASE.jar:/Users/jocke/.m2/repository/com/jayway/jsonpath/json-path/2.4.0/json-path-2.4.0.jar:/Users/jocke/.m2/repository/net/minidev/json-smart/2.3/json-smart-2.3.jar:/Users/jocke/.m2/repository/net/minidev/accessors-smart/1.2/accessors-smart-1.2.jar:/Users/jocke/.m2/repository/org/ow2/asm/asm/5.0.4/asm-5.0.4.jar:/Users/jocke/.m2/repository/org/slf4j/slf4j-api/1.7.25/slf4j-api-1.7.25.jar:/Users/jocke/.m2/repository/jakarta/xml/bind/jakarta.xml.bind-api/2.3.3/jakarta.xml.bind-api-2.3.3.jar:/Users/jocke/.m2/repository/jakarta/activation/jakarta.activation-api/1.2.2/jakarta.activation-api-1.2.2.jar:/Users/jocke/.m2/repository/org/assertj/assertj-core/3.16.1/assertj-core-3.16.1.jar:/Users/jocke/.m2/repository/org/hamcrest/hamcrest/2.2/hamcrest-2.2.jar:/Users/jocke/.m2/repository/org/junit/jupiter/junit-jupiter/5.6.2/junit-jupiter-5.6.2.jar:/Users/jocke/.m2/repository/org/skyscreamer/jsonassert/1.5.0/jsonassert-1.5.0.jar:/Users/jocke/.m2/repository/com/vaadin/external/google/android-json/0.0.20131108.vaadin1/android-json-0.0.20131108.vaadin1.jar:/Users/jocke/.m2/repository/org/springframework/spring-test/5.2.9.RELEASE/spring-test-5.2.9.RELEASE.jar:/Users/jocke/.m2/repository/org/xmlunit/xmlunit-core/2.7.0/xmlunit-core-2.7.0.jar:/Users/jocke/.m2/repository/org/liquibase/liquibase-core/4.1.1/liquibase-core-4.1.1.jar:/Users/jocke/.m2/repository/javax/xml/bind/jaxb-api/2.3.0/jaxb-api-2.3.0.jar:/Users/jocke/.m2/repository/org/springframework/boot/spring-boot-starter-data-jpa/2.3.4.RELEASE/spring-boot-starter-data-jpa-2.3.4.RELEASE.jar:/Users/jocke/.m2/repository/org/springframework/boot/spring-boot-starter-jdbc/2.3.4.RELEASE/spring-boot-starter-jdbc-2.3.4.RELEASE.jar:/Users/jocke/.m2/repository/com/zaxxer/HikariCP/3.4.5/HikariCP-3.4.5.jar:/Users/jocke/.m2/repository/org/springframework/spring-jdbc/5.2.9.RELEASE/spring-jdbc-5.2.9.RELEASE.jar:/Users/jocke/.m2/repository/jakarta/transaction/jakarta.transaction-api/1.3.3/jakarta.transaction-api-1.3.3.jar:/Users/jocke/.m2/repository/jakarta/persistence/jakarta.persistence-api/2.2.3/jakarta.persistence-api-2.2.3.jar:/Users/jocke/.m2/repository/org/hibernate/hibernate-core/5.4.21.Final/hibernate-core-5.4.21.Final.jar:/Users/jocke/.m2/repository/org/jboss/logging/jboss-logging/3.3.2.Final/jboss-logging-3.3.2.Final.jar:/Users/jocke/.m2/repository/org/javassist/javassist/3.24.0-GA/javassist-3.24.0-GA.jar:/Users/jocke/.m2/repository/antlr/antlr/2.7.7/antlr-2.7.7.jar:/Users/jocke/.m2/repository/org/jboss/jandex/2.1.3.Final/jandex-2.1.3.Final.jar:/Users/jocke/.m2/repository/com/fasterxml/classmate/1.5.1/classmate-1.5.1.jar:/Users/jocke/.m2/repository/org/dom4j/dom4j/2.1.3/dom4j-2.1.3.jar:/Users/jocke/.m2/repository/org/hibernate/common/hibernate-commons-annotations/5.1.0.Final/hibernate-commons-annotations-5.1.0.Final.jar:/Users/jocke/.m2/repository/org/glassfish/jaxb/jaxb-runtime/2.3.1/jaxb-runtime-2.3.1.jar:/Users/jocke/.m2/repository/org/glassfish/jaxb/txw2/2.3.1/txw2-2.3.1.jar:/Users/jocke/.m2/repository/com/sun/istack/istack-commons-runtime/3.0.7/istack-commons-runtime-3.0.7.jar:/Users/jocke/.m2/repository/org/jvnet/staxex/stax-ex/1.8/stax-ex-1.8.jar:/Users/jocke/.m2/repository/com/sun/xml/fastinfoset/FastInfoset/1.2.15/FastInfoset-1.2.15.jar:/Users/jocke/.m2/repository/org/springframework/data/spring-data-jpa/2.3.4.RELEASE/spring-data-jpa-2.3.4.RELEASE.jar:/Users/jocke/.m2/repository/org/springframework/data/spring-data-commons/2.3.4.RELEASE/spring-data-commons-2.3.4.RELEASE.jar:/Users/jocke/.m2/repository/org/springframework/spring-orm/5.2.9.RELEASE/spring-orm-5.2.9.RELEASE.jar:/Users/jocke/.m2/repository/org/springframework/spring-tx/5.2.9.RELEASE/spring-tx-5.2.9.RELEASE.jar:/Users/jocke/.m2/repository/org/springframework/spring-aspects/5.2.9.RELEASE/spring-aspects-5.2.9.RELEASE.jar:/Users/jocke/.m2/repository/com/h2database/h2/1.4.200/h2-1.4.200.jar:/Users/jocke/.m2/repository/org/projectlombok/lombok/1.18.20/lombok-1.18.20.jar:/Users/jocke/.m2/repository/org/junit/jupiter/junit-jupiter-api/5.7.0/junit-jupiter-api-5.7.0.jar:/Users/jocke/.m2/repository/org/apiguardian/apiguardian-api/1.1.0/apiguardian-api-1.1.0.jar:/Users/jocke/.m2/repository/org/opentest4j/opentest4j/1.2.0/opentest4j-1.2.0.jar:/Users/jocke/.m2/repository/org/junit/platform/junit-platform-commons/1.7.0/junit-platform-commons-1.7.0.jar:/Users/jocke/.m2/repository/org/junit/jupiter/junit-jupiter-engine/5.7.0/junit-jupiter-engine-5.7.0.jar:/Users/jocke/.m2/repository/org/junit/platform/junit-platform-engine/1.7.0/junit-platform-engine-1.7.0.jar:/Users/jocke/.m2/repository/org/junit/platform/junit-platform-runner/1.7.0/junit-platform-runner-1.7.0.jar:/Users/jocke/.m2/repository/junit/junit/4.13/junit-4.13.jar:/Users/jocke/.m2/repository/org/hamcrest/hamcrest-core/1.3/hamcrest-core-1.3.jar:/Users/jocke/.m2/repository/org/junit/platform/junit-platform-launcher/1.7.0/junit-platform-launcher-1.7.0.jar:/Users/jocke/.m2/repository/org/junit/platform/junit-platform-suite-api/1.7.0/junit-platform-suite-api-1.7.0.jar:/Users/jocke/.m2/repository/org/junit/jupiter/junit-jupiter-params/5.7.0/junit-jupiter-params-5.7.0.jar:/Users/jocke/.m2/repository/org/junit/vintage/junit-vintage-engine/5.2.0/junit-vintage-engine-5.2.0.jar:/Users/jocke/.m2/repository/io/cucumber/cucumber-java/6.9.1/cucumber-java-6.9.1.jar:/Users/jocke/.m2/repository/io/cucumber/cucumber-core/6.9.1/cucumber-core-6.9.1.jar:/Users/jocke/.m2/repository/io/cucumber/cucumber-gherkin/6.9.1/cucumber-gherkin-6.9.1.jar:/Users/jocke/.m2/repository/io/cucumber/cucumber-gherkin-messages/6.9.1/cucumber-gherkin-messages-6.9.1.jar:/Users/jocke/.m2/repository/io/cucumber/messages/13.2.1/messages-13.2.1.jar:/Users/jocke/.m2/repository/io/cucumber/tag-expressions/3.0.0/tag-expressions-3.0.0.jar:/Users/jocke/.m2/repository/io/cucumber/cucumber-expressions/10.3.0/cucumber-expressions-10.3.0.jar:/Users/jocke/.m2/repository/io/cucumber/datatable/3.5.0/datatable-3.5.0.jar:/Users/jocke/.m2/repository/io/cucumber/cucumber-plugin/6.9.1/cucumber-plugin-6.9.1.jar:/Users/jocke/.m2/repository/io/cucumber/docstring/6.9.1/docstring-6.9.1.jar:/Users/jocke/.m2/repository/io/cucumber/html-formatter/9.0.0/html-formatter-9.0.0.jar:/Users/jocke/.m2/repository/io/cucumber/create-meta/2.0.4/create-meta-2.0.4.jar:/Users/jocke/.m2/repository/io/cucumber/cucumber-junit/6.9.1/cucumber-junit-6.9.1.jar:/Users/jocke/.m2/repository/io/cucumber/cucumber-spring/6.9.1/cucumber-spring-6.9.1.jar:/Users/jocke/.m2/repository/org/mockito/mockito-core/3.7.7/mockito-core-3.7.7.jar:/Users/jocke/.m2/repository/net/bytebuddy/byte-buddy/1.10.19/byte-buddy-1.10.19.jar:/Users/jocke/.m2/repository/net/bytebuddy/byte-buddy-agent/1.10.19/byte-buddy-agent-1.10.19.jar:/Users/jocke/.m2/repository/org/objenesis/objenesis/3.1/objenesis-3.1.jar:/Users/jocke/.m2/repository/org/mockito/mockito-junit-jupiter/2.28.2/mockito-junit-jupiter-2.28.2.jar:/Users/jocke/.m2/repository/org/seleniumhq/selenium/selenium-java/3.141.59/selenium-java-3.141.59.jar:/Users/jocke/.m2/repository/org/seleniumhq/selenium/selenium-api/3.141.59/selenium-api-3.141.59.jar:/Users/jocke/.m2/repository/org/seleniumhq/selenium/selenium-chrome-driver/3.141.59/selenium-chrome-driver-3.141.59.jar:/Users/jocke/.m2/repository/org/seleniumhq/selenium/selenium-edge-driver/3.141.59/selenium-edge-driver-3.141.59.jar:/Users/jocke/.m2/repository/org/seleniumhq/selenium/selenium-firefox-driver/3.141.59/selenium-firefox-driver-3.141.59.jar:/Users/jocke/.m2/repository/org/seleniumhq/selenium/selenium-ie-driver/3.141.59/selenium-ie-driver-3.141.59.jar:/Users/jocke/.m2/repository/org/seleniumhq/selenium/selenium-opera-driver/3.141.59/selenium-opera-driver-3.141.59.jar:/Users/jocke/.m2/repository/org/seleniumhq/selenium/selenium-remote-driver/3.141.59/selenium-remote-driver-3.141.59.jar:/Users/jocke/.m2/repository/org/seleniumhq/selenium/selenium-safari-driver/3.141.59/selenium-safari-driver-3.141.59.jar:/Users/jocke/.m2/repository/org/seleniumhq/selenium/selenium-support/3.141.59/selenium-support-3.141.59.jar:/Users/jocke/.m2/repository/org/apache/commons/commons-exec/1.3/commons-exec-1.3.jar:/Users/jocke/.m2/repository/com/squareup/okhttp3/okhttp/3.11.0/okhttp-3.11.0.jar:/Users/jocke/.m2/repository/com/squareup/okio/okio/1.14.0/okio-1.14.0.jar:"/>
    <property name="sun.cpu.endian" value="little"/>
    <property name="user.home" value="/Users/jocke"/>
    <property name="user.language" value="sv"/>
    <property name="java.specification.vendor" value="Oracle Corporation"/>
    <property name="java.version.date" value="2021-09-14"/>
    <property name="java.home" value="/Library/Java/JavaVirtualMachines/jdk-17.jdk/Contents/Home"/>
    <property name="file.separator" value="/"/>
    <property name="basedir" value="/Users/jocke/development/jensen-project/jensen-project-test"/>
    <property name="java.vm.compressedOopsMode" value="Zero based"/>
    <property name="line.separator" value="&#10;"/>
    <property name="java.specification.name" value="Java Platform API Specification"/>
    <property name="java.vm.specification.vendor" value="Oracle Corporation"/>
    <property name="surefire.real.class.path" value="/Users/jocke/development/jensen-project/jensen-project-test/target/surefire/surefirebooter575371522479063099.jar"/>
    <property name="sun.management.compiler" value="HotSpot 64-Bit Tiered Compilers"/>
    <property name="ftp.nonProxyHosts" value="local|*.local|169.254/16|*.169.254/16"/>
    <property name="java.runtime.version" value="17+35-LTS-2724"/>
    <property name="user.name" value="jocke"/>
    <property name="path.separator" value=":"/>
    <property name="os.version" value="12.0.1"/>
    <property name="java.runtime.name" value="Java(TM) SE Runtime Environment"/>
    <property name="file.encoding" value="UTF-8"/>
    <property name="java.vm.name" value="Java HotSpot(TM) 64-Bit Server VM"/>
    <property name="localRepository" value="/Users/jocke/.m2/repository"/>
    <property name="java.vendor.url.bug" value="https://bugreport.java.com/bugreport/"/>
    <property name="java.io.tmpdir" value="/var/folders/bq/r1nbkzdd1ksb17xb_cyrhrs80000gn/T/"/>
    <property name="java.version" value="17"/>
    <property name="user.dir" value="/Users/jocke/development/jensen-project/jensen-project-test"/>
    <property name="os.arch" value="x86_64"/>
    <property name="java.vm.specification.name" value="Java Virtual Machine Specification"/>
    <property name="native.encoding" value="UTF-8"/>
    <property name="java.library.path" value="/Users/jocke/Library/Java/Extensions:/Library/Java/Extensions:/Network/Library/Java/Extensions:/System/Library/Java/Extensions:/usr/lib/java:."/>
    <property name="java.vm.info" value="mixed mode, sharing"/>
    <property name="java.vendor" value="Oracle Corporation"/>
    <property name="java.vm.version" value="17+35-LTS-2724"/>
    <property name="sun.io.unicode.encoding" value="UnicodeBig"/>
    <property name="socksNonProxyHosts" value="local|*.local|169.254/16|*.169.254/16"/>
    <property name="java.class.version" value="61.0"/>
  </properties>
  <testcase name="client gets all departments" classname="test department api" time="5.326">
    <system-out><![CDATA[20:34:04.294 [main] DEBUG org.springframework.test.context.BootstrapUtils - Instantiating CacheAwareContextLoaderDelegate from class [org.springframework.test.context.cache.DefaultCacheAwareContextLoaderDelegate]
20:34:04.302 [main] DEBUG org.springframework.test.context.BootstrapUtils - Instantiating BootstrapContext using constructor [public org.springframework.test.context.support.DefaultBootstrapContext(java.lang.Class,org.springframework.test.context.CacheAwareContextLoaderDelegate)]
20:34:04.320 [main] DEBUG org.springframework.test.context.BootstrapUtils - Instantiating TestContextBootstrapper for test class [se.jensen.project.department.integrationtest.DepartmentTestClient] from class [org.springframework.boot.test.context.SpringBootTestContextBootstrapper]
20:34:04.333 [main] INFO org.springframework.boot.test.context.SpringBootTestContextBootstrapper - Neither @ContextConfiguration nor @ContextHierarchy found for test class [se.jensen.project.department.integrationtest.DepartmentTestClient], using SpringBootContextLoader
20:34:04.334 [main] DEBUG org.springframework.test.context.support.AbstractContextLoader - Did not detect default resource location for test class [se.jensen.project.department.integrationtest.DepartmentTestClient]: class path resource [se/jensen/project/department/integrationtest/DepartmentTestClient-context.xml] does not exist
20:34:04.335 [main] DEBUG org.springframework.test.context.support.AbstractContextLoader - Did not detect default resource location for test class [se.jensen.project.department.integrationtest.DepartmentTestClient]: class path resource [se/jensen/project/department/integrationtest/DepartmentTestClientContext.groovy] does not exist
20:34:04.335 [main] INFO org.springframework.test.context.support.AbstractContextLoader - Could not detect default resource locations for test class [se.jensen.project.department.integrationtest.DepartmentTestClient]: no resource found for suffixes {-context.xml, Context.groovy}.
20:34:04.371 [main] DEBUG org.springframework.test.context.support.ActiveProfilesUtils - Could not find an 'annotation declaring class' for annotation type [org.springframework.test.context.ActiveProfiles] and class [se.jensen.project.department.integrationtest.DepartmentTestClient]
20:34:04.444 [main] DEBUG org.springframework.boot.test.context.SpringBootTestContextBootstrapper - @TestExecutionListeners is not present for class [se.jensen.project.department.integrationtest.DepartmentTestClient]: using defaults.
20:34:04.444 [main] INFO org.springframework.boot.test.context.SpringBootTestContextBootstrapper - Loaded default TestExecutionListener class names from location [META-INF/spring.factories]: [org.springframework.boot.test.mock.mockito.MockitoTestExecutionListener, org.springframework.boot.test.mock.mockito.ResetMocksTestExecutionListener, org.springframework.boot.test.autoconfigure.restdocs.RestDocsTestExecutionListener, org.springframework.boot.test.autoconfigure.web.client.MockRestServiceServerResetTestExecutionListener, org.springframework.boot.test.autoconfigure.web.servlet.MockMvcPrintOnlyOnFailureTestExecutionListener, org.springframework.boot.test.autoconfigure.web.servlet.WebDriverTestExecutionListener, org.springframework.boot.test.autoconfigure.webservices.client.MockWebServiceServerTestExecutionListener, org.springframework.test.context.web.ServletTestExecutionListener, org.springframework.test.context.support.DirtiesContextBeforeModesTestExecutionListener, org.springframework.test.context.support.DependencyInjectionTestExecutionListener, org.springframework.test.context.support.DirtiesContextTestExecutionListener, org.springframework.test.context.transaction.TransactionalTestExecutionListener, org.springframework.test.context.jdbc.SqlScriptsTestExecutionListener, org.springframework.test.context.event.EventPublishingTestExecutionListener]
20:34:04.457 [main] INFO org.springframework.boot.test.context.SpringBootTestContextBootstrapper - Using TestExecutionListeners: [org.springframework.test.context.web.ServletTestExecutionListener@60cf62ad, org.springframework.test.context.support.DirtiesContextBeforeModesTestExecutionListener@1e0895f5, org.springframework.boot.test.mock.mockito.MockitoTestExecutionListener@1ac4ccad, org.springframework.boot.test.autoconfigure.SpringBootDependencyInjectionTestExecutionListener@fd9ebde, org.springframework.test.context.support.DirtiesContextTestExecutionListener@14982a82, org.springframework.test.context.transaction.TransactionalTestExecutionListener@4ee5b2d9, org.springframework.test.context.jdbc.SqlScriptsTestExecutionListener@72f8ae0c, org.springframework.test.context.event.EventPublishingTestExecutionListener@323f3c96, org.springframework.boot.test.mock.mockito.ResetMocksTestExecutionListener@6726cc69, org.springframework.boot.test.autoconfigure.restdocs.RestDocsTestExecutionListener@4b6d92e, org.springframework.boot.test.autoconfigure.web.client.MockRestServiceServerResetTestExecutionListener@33899f7a, org.springframework.boot.test.autoconfigure.web.servlet.MockMvcPrintOnlyOnFailureTestExecutionListener@7899de11, org.springframework.boot.test.autoconfigure.web.servlet.WebDriverTestExecutionListener@290d10ef, org.springframework.boot.test.autoconfigure.webservices.client.MockWebServiceServerTestExecutionListener@1bc0d349]
20:34:04.473 [main] DEBUG org.springframework.test.context.support.TestPropertySourceUtils - Adding inlined properties to environment: {spring.jmx.enabled=false, org.springframework.boot.test.context.SpringBootTestContextBootstrapper=true}
####################################################
##   _     _             _ _                      ##
##  | |   (_)           (_) |                     ##
##  | |    _  __ _ _   _ _| |__   __ _ ___  ___   ##
##  | |   | |/ _` | | | | | '_ \ / _` / __|/ _ \  ##
##  | |___| | (_| | |_| | | |_) | (_| \__ \  __/  ##
##  \_____/_|\__, |\__,_|_|_.__/ \__,_|___/\___|  ##
##              | |                               ##
##              |_|                               ##
##                                                ## 
##  Get documentation at docs.liquibase.com       ##
##  Get certified courses at learn.liquibase.com  ## 
##  Get advanced features and support at          ##
##      liquibase.com/support                     ##
##                                                ##
####################################################

2021-12-05 20:34:04.719  INFO 12116 --- [           main] s.j.p.d.i.DepartmentTestClient           : Starting DepartmentTestClient on Dozer with PID 12116 (started by jocke in /Users/jocke/development/jensen-project/jensen-project-test)
2021-12-05 20:34:04.722  INFO 12116 --- [           main] s.j.p.d.i.DepartmentTestClient           : No active profile set, falling back to default profiles: default
2021-12-05 20:34:05.214  INFO 12116 --- [           main] .s.d.r.c.RepositoryConfigurationDelegate : Bootstrapping Spring Data JPA repositories in DEFAULT mode.
2021-12-05 20:34:05.276  INFO 12116 --- [           main] .s.d.r.c.RepositoryConfigurationDelegate : Finished Spring Data repository scanning in 55ms. Found 2 JPA repository interfaces.
2021-12-05 20:34:05.640  INFO 12116 --- [           main] trationDelegate$BeanPostProcessorChecker : Bean 'persistenceTestConfig' of type [se.jensen.project.department.test.config.PersistenceTestConfig$$EnhancerBySpringCGLIB$$b61b261] is not eligible for getting processed by all BeanPostProcessors (for example: not eligible for auto-proxying)
2021-12-05 20:34:06.088  INFO 12116 --- [           main] o.s.b.w.embedded.tomcat.TomcatWebServer  : Tomcat initialized with port(s): 8080 (http)
2021-12-05 20:34:06.096  INFO 12116 --- [           main] o.apache.catalina.core.StandardService   : Starting service [Tomcat]
2021-12-05 20:34:06.096  INFO 12116 --- [           main] org.apache.catalina.core.StandardEngine  : Starting Servlet engine: [Apache Tomcat/9.0.38]
2021-12-05 20:34:06.225  INFO 12116 --- [           main] o.a.c.c.C.[Tomcat].[localhost].[/]       : Initializing Spring embedded WebApplicationContext
2021-12-05 20:34:06.225  INFO 12116 --- [           main] w.s.c.ServletWebServerApplicationContext : Root WebApplicationContext: initialization completed in 1467 ms
2021-12-05 20:34:06.708  INFO 12116 --- [           main] liquibase.lockservice                    : Successfully acquired change log lock
2021-12-05 20:34:07.013  INFO 12116 --- [           main] liquibase.changelog                      : Creating database history table with name: PUBLIC.DATABASECHANGELOG
2021-12-05 20:34:07.015  INFO 12116 --- [           main] liquibase.changelog                      : Reading from PUBLIC.DATABASECHANGELOG
2021-12-05 20:34:07.092  INFO 12116 --- [           main] liquibase.changelog                      : Table EMPLOYEE created
2021-12-05 20:34:07.092  INFO 12116 --- [           main] liquibase.changelog                      : ChangeSet liquibase/employee/employee-changelog.xml::create-employee-table::Joakim Gradin ran successfully in 2ms
2021-12-05 20:34:07.100  INFO 12116 --- [           main] liquibase.changelog                      : New row inserted into EMPLOYEE
2021-12-05 20:34:07.101  INFO 12116 --- [           main] liquibase.changelog                      : New row inserted into EMPLOYEE
2021-12-05 20:34:07.102  INFO 12116 --- [           main] liquibase.changelog                      : New row inserted into EMPLOYEE
2021-12-05 20:34:07.102  INFO 12116 --- [           main] liquibase.changelog                      : ChangeSet liquibase/employee/employee-changelog.xml::add-data-employee::Joakim Gradin ran successfully in 3ms
2021-12-05 20:34:07.104  INFO 12116 --- [           main] liquibase.changelog                      : Table DEPARTMENT created
2021-12-05 20:34:07.104  INFO 12116 --- [           main] liquibase.changelog                      : ChangeSet liquibase/department/department-changelog.xml::create-table-department::Joakim Gradin ran successfully in 1ms
2021-12-05 20:34:07.106  INFO 12116 --- [           main] liquibase.changelog                      : New row inserted into DEPARTMENT
2021-12-05 20:34:07.106  INFO 12116 --- [           main] liquibase.changelog                      : New row inserted into DEPARTMENT
2021-12-05 20:34:07.107  INFO 12116 --- [           main] liquibase.changelog                      : New row inserted into DEPARTMENT
2021-12-05 20:34:07.107  INFO 12116 --- [           main] liquibase.changelog                      : New row inserted into DEPARTMENT
2021-12-05 20:34:07.107  INFO 12116 --- [           main] liquibase.changelog                      : New row inserted into DEPARTMENT
2021-12-05 20:34:07.108  INFO 12116 --- [           main] liquibase.changelog                      : ChangeSet liquibase/department/department-changelog.xml::add-data-department::Joakim Gradin ran successfully in 3ms
2021-12-05 20:34:07.110  INFO 12116 --- [           main] liquibase.lockservice                    : Successfully released change log lock
2021-12-05 20:34:07.178  INFO 12116 --- [           main] o.hibernate.jpa.internal.util.LogHelper  : HHH000204: Processing PersistenceUnitInfo [name: default]
2021-12-05 20:34:07.212  INFO 12116 --- [           main] org.hibernate.Version                    : HHH000412: Hibernate ORM core version 5.4.21.Final
2021-12-05 20:34:07.241  INFO 12116 --- [           main] o.hibernate.annotations.common.Version   : HCANN000001: Hibernate Commons Annotations {5.1.0.Final}
2021-12-05 20:34:07.363  INFO 12116 --- [           main] org.hibernate.dialect.Dialect            : HHH000400: Using dialect: org.hibernate.dialect.H2Dialect
2021-12-05 20:34:07.636  INFO 12116 --- [           main] o.h.e.t.j.p.i.JtaPlatformInitiator       : HHH000490: Using JtaPlatform implementation: [org.hibernate.engine.transaction.jta.platform.internal.NoJtaPlatform]
2021-12-05 20:34:07.641  INFO 12116 --- [           main] j.LocalContainerEntityManagerFactoryBean : Initialized JPA EntityManagerFactory for persistence unit 'default'
2021-12-05 20:34:07.960  WARN 12116 --- [           main] JpaBaseConfiguration$JpaWebConfiguration : spring.jpa.open-in-view is enabled by default. Therefore, database queries may be performed during view rendering. Explicitly configure spring.jpa.open-in-view to disable this warning
2021-12-05 20:34:08.132  INFO 12116 --- [           main] o.s.s.concurrent.ThreadPoolTaskExecutor  : Initializing ExecutorService 'applicationTaskExecutor'
2021-12-05 20:34:08.810  INFO 12116 --- [           main] o.s.b.w.embedded.tomcat.TomcatWebServer  : Tomcat started on port(s): 8080 (http) with context path ''
2021-12-05 20:34:08.819  INFO 12116 --- [           main] s.j.p.d.i.DepartmentTestClient           : Started DepartmentTestClient in 4.345 seconds (JVM running for 6.517)
2021-12-05 20:34:09.061  INFO 12116 --- [nio-8080-exec-1] o.a.c.c.C.[Tomcat].[localhost].[/]       : Initializing Spring DispatcherServlet 'dispatcherServlet'
2021-12-05 20:34:09.061  INFO 12116 --- [nio-8080-exec-1] o.s.web.servlet.DispatcherServlet        : Initializing Servlet 'dispatcherServlet'
2021-12-05 20:34:09.097  INFO 12116 --- [nio-8080-exec-1] o.s.web.servlet.DispatcherServlet        : Completed initialization in 35 ms
2021-12-05 20:34:09.137  INFO 12116 --- [nio-8080-exec-1] oggImpl$$EnhancerBySpringCGLIB$$4b1e8451 : class se.jensen.project.department.service.DepartmentServiceImpl.getDepartments
2021-12-05 20:34:09.352  INFO 12116 --- [nio-8080-exec-1] oggImpl$$EnhancerBySpringCGLIB$$4b1e8451 : Return Value: ([se.jensen.project.department.entity.Department { [se.jensen.project.department.entity.Department.get$hashCodeCache(), departmentId=EntityID(id=1), departmentName=Development] }, se.jensen.project.department.entity.Department { [se.jensen.project.department.entity.Department.get$hashCodeCache(), departmentId=EntityID(id=2), departmentName=Sales] }, se.jensen.project.department.entity.Department { [se.jensen.project.department.entity.Department.get$hashCodeCache(), departmentId=EntityID(id=3), departmentName=Management] }, se.jensen.project.department.entity.Department { [se.jensen.project.department.entity.Department.get$hashCodeCache(), departmentId=EntityID(id=1450), departmentName=Printing] }, se.jensen.project.department.entity.Department { [se.jensen.project.department.entity.Department.get$hashCodeCache(), departmentId=EntityID(id=666), departmentName=SejtanInHeaven] }, java.util.ArrayList { [java.util.ArrayList.getElementData(), java.util.ArrayList.getSize()] }])
2021-12-05 20:34:09.352  INFO 12116 --- [nio-8080-exec-1] oggImpl$$EnhancerBySpringCGLIB$$4b1e8451 : Time Taken by execution(List se.jensen.project.department.service.DepartmentServiceImpl.getDepartments()) is 215 ms
]]></system-out>
  </testcase>
  <testcase name="client updates name for department 1 #1" classname="test department api" time="0.152">
    <system-out><![CDATA[2021-12-05 20:34:09.473  INFO 12116 --- [           main] .b.t.c.SpringBootTestContextBootstrapper : Neither @ContextConfiguration nor @ContextHierarchy found for test class [se.jensen.project.department.integrationtest.DepartmentTestClient], using SpringBootContextLoader
2021-12-05 20:34:09.474  INFO 12116 --- [           main] o.s.t.c.support.AbstractContextLoader    : Could not detect default resource locations for test class [se.jensen.project.department.integrationtest.DepartmentTestClient]: no resource found for suffixes {-context.xml, Context.groovy}.
2021-12-05 20:34:09.479  INFO 12116 --- [           main] .b.t.c.SpringBootTestContextBootstrapper : Loaded default TestExecutionListener class names from location [META-INF/spring.factories]: [org.springframework.boot.test.mock.mockito.MockitoTestExecutionListener, org.springframework.boot.test.mock.mockito.ResetMocksTestExecutionListener, org.springframework.boot.test.autoconfigure.restdocs.RestDocsTestExecutionListener, org.springframework.boot.test.autoconfigure.web.client.MockRestServiceServerResetTestExecutionListener, org.springframework.boot.test.autoconfigure.web.servlet.MockMvcPrintOnlyOnFailureTestExecutionListener, org.springframework.boot.test.autoconfigure.web.servlet.WebDriverTestExecutionListener, org.springframework.boot.test.autoconfigure.webservices.client.MockWebServiceServerTestExecutionListener, org.springframework.test.context.web.ServletTestExecutionListener, org.springframework.test.context.support.DirtiesContextBeforeModesTestExecutionListener, org.springframework.test.context.support.DependencyInjectionTestExecutionListener, org.springframework.test.context.support.DirtiesContextTestExecutionListener, org.springframework.test.context.transaction.TransactionalTestExecutionListener, org.springframework.test.context.jdbc.SqlScriptsTestExecutionListener, org.springframework.test.context.event.EventPublishingTestExecutionListener]
2021-12-05 20:34:09.479  INFO 12116 --- [           main] .b.t.c.SpringBootTestContextBootstrapper : Using TestExecutionListeners: [org.springframework.test.context.web.ServletTestExecutionListener@5d52a17b, org.springframework.test.context.support.DirtiesContextBeforeModesTestExecutionListener@71c264e5, org.springframework.boot.test.mock.mockito.MockitoTestExecutionListener@4528a871, org.springframework.boot.test.autoconfigure.SpringBootDependencyInjectionTestExecutionListener@7d6e2366, org.springframework.test.context.support.DirtiesContextTestExecutionListener@357f0cc9, org.springframework.test.context.transaction.TransactionalTestExecutionListener@57f8a3cf, org.springframework.test.context.jdbc.SqlScriptsTestExecutionListener@5713e261, org.springframework.test.context.event.EventPublishingTestExecutionListener@5b6a9ef6, org.springframework.boot.test.mock.mockito.ResetMocksTestExecutionListener@16bed816, org.springframework.boot.test.autoconfigure.restdocs.RestDocsTestExecutionListener@4cae7d5, org.springframework.boot.test.autoconfigure.web.client.MockRestServiceServerResetTestExecutionListener@4c821dc7, org.springframework.boot.test.autoconfigure.web.servlet.MockMvcPrintOnlyOnFailureTestExecutionListener@4390b78f, org.springframework.boot.test.autoconfigure.web.servlet.WebDriverTestExecutionListener@230ea983, org.springframework.boot.test.autoconfigure.webservices.client.MockWebServiceServerTestExecutionListener@70290678]
2021-12-05 20:34:09.543  INFO 12116 --- [nio-8080-exec-2] oggImpl$$EnhancerBySpringCGLIB$$4b1e8451 : class se.jensen.project.department.service.DepartmentServiceImpl.update
2021-12-05 20:34:09.545  INFO 12116 --- [nio-8080-exec-2] oggImpl$$EnhancerBySpringCGLIB$$4b1e8451 : param department = Department(departmentId=EntityID(id=1), departmentName=Coding)
2021-12-05 20:34:09.615  INFO 12116 --- [nio-8080-exec-2] oggImpl$$EnhancerBySpringCGLIB$$4b1e8451 : Return Value: ([se.jensen.project.department.entity.Department { [se.jensen.project.department.entity.Department.get$hashCodeCache(), departmentId=EntityID(id=1), departmentName=Coding] }])
2021-12-05 20:34:09.615  INFO 12116 --- [nio-8080-exec-2] oggImpl$$EnhancerBySpringCGLIB$$4b1e8451 : Time Taken by execution(Department se.jensen.project.department.service.DepartmentServiceImpl.update(Department)) is 70 ms
2021-12-05 20:34:09.636  INFO 12116 --- [nio-8080-exec-4] oggImpl$$EnhancerBySpringCGLIB$$4b1e8451 : class se.jensen.project.department.service.DepartmentServiceImpl.getDepartmentById
2021-12-05 20:34:09.637  INFO 12116 --- [nio-8080-exec-4] oggImpl$$EnhancerBySpringCGLIB$$4b1e8451 : param departmentId = 1
2021-12-05 20:34:09.642  INFO 12116 --- [nio-8080-exec-4] oggImpl$$EnhancerBySpringCGLIB$$4b1e8451 : Return Value: ([se.jensen.project.department.entity.Department { [se.jensen.project.department.entity.Department.get$hashCodeCache(), departmentId=EntityID(id=1), departmentName=Coding] }])
2021-12-05 20:34:09.643  INFO 12116 --- [nio-8080-exec-4] oggImpl$$EnhancerBySpringCGLIB$$4b1e8451 : Time Taken by execution(Department se.jensen.project.department.service.DepartmentServiceImpl.getDepartmentById(Integer)) is 6 ms
]]></system-out>
  </testcase>
  <testcase name="client gets Department 1" classname="test department api" time="0.025">
    <system-out><![CDATA[2021-12-05 20:34:09.648  INFO 12116 --- [           main] .b.t.c.SpringBootTestContextBootstrapper : Neither @ContextConfiguration nor @ContextHierarchy found for test class [se.jensen.project.department.integrationtest.DepartmentTestClient], using SpringBootContextLoader
2021-12-05 20:34:09.650  INFO 12116 --- [           main] o.s.t.c.support.AbstractContextLoader    : Could not detect default resource locations for test class [se.jensen.project.department.integrationtest.DepartmentTestClient]: no resource found for suffixes {-context.xml, Context.groovy}.
2021-12-05 20:34:09.654  INFO 12116 --- [           main] .b.t.c.SpringBootTestContextBootstrapper : Loaded default TestExecutionListener class names from location [META-INF/spring.factories]: [org.springframework.boot.test.mock.mockito.MockitoTestExecutionListener, org.springframework.boot.test.mock.mockito.ResetMocksTestExecutionListener, org.springframework.boot.test.autoconfigure.restdocs.RestDocsTestExecutionListener, org.springframework.boot.test.autoconfigure.web.client.MockRestServiceServerResetTestExecutionListener, org.springframework.boot.test.autoconfigure.web.servlet.MockMvcPrintOnlyOnFailureTestExecutionListener, org.springframework.boot.test.autoconfigure.web.servlet.WebDriverTestExecutionListener, org.springframework.boot.test.autoconfigure.webservices.client.MockWebServiceServerTestExecutionListener, org.springframework.test.context.web.ServletTestExecutionListener, org.springframework.test.context.support.DirtiesContextBeforeModesTestExecutionListener, org.springframework.test.context.support.DependencyInjectionTestExecutionListener, org.springframework.test.context.support.DirtiesContextTestExecutionListener, org.springframework.test.context.transaction.TransactionalTestExecutionListener, org.springframework.test.context.jdbc.SqlScriptsTestExecutionListener, org.springframework.test.context.event.EventPublishingTestExecutionListener]
2021-12-05 20:34:09.654  INFO 12116 --- [           main] .b.t.c.SpringBootTestContextBootstrapper : Using TestExecutionListeners: [org.springframework.test.context.web.ServletTestExecutionListener@25bc36, org.springframework.test.context.support.DirtiesContextBeforeModesTestExecutionListener@fcdeb50, org.springframework.boot.test.mock.mockito.MockitoTestExecutionListener@5f7a2a79, org.springframework.boot.test.autoconfigure.SpringBootDependencyInjectionTestExecutionListener@65f1bf2c, org.springframework.test.context.support.DirtiesContextTestExecutionListener@48186ba8, org.springframework.test.context.transaction.TransactionalTestExecutionListener@286f8e90, org.springframework.test.context.jdbc.SqlScriptsTestExecutionListener@26c84006, org.springframework.test.context.event.EventPublishingTestExecutionListener@4ea8832c, org.springframework.boot.test.mock.mockito.ResetMocksTestExecutionListener@45e6f47a, org.springframework.boot.test.autoconfigure.restdocs.RestDocsTestExecutionListener@11a9f958, org.springframework.boot.test.autoconfigure.web.client.MockRestServiceServerResetTestExecutionListener@7585531b, org.springframework.boot.test.autoconfigure.web.servlet.MockMvcPrintOnlyOnFailureTestExecutionListener@7fbe0f64, org.springframework.boot.test.autoconfigure.web.servlet.WebDriverTestExecutionListener@d0971cd, org.springframework.boot.test.autoconfigure.webservices.client.MockWebServiceServerTestExecutionListener@53b42a0d]
2021-12-05 20:34:09.665  INFO 12116 --- [nio-8080-exec-5] oggImpl$$EnhancerBySpringCGLIB$$4b1e8451 : class se.jensen.project.department.service.DepartmentServiceImpl.getDepartmentById
2021-12-05 20:34:09.666  INFO 12116 --- [nio-8080-exec-5] oggImpl$$EnhancerBySpringCGLIB$$4b1e8451 : param departmentId = 1
2021-12-05 20:34:09.669  INFO 12116 --- [nio-8080-exec-5] oggImpl$$EnhancerBySpringCGLIB$$4b1e8451 : Return Value: ([se.jensen.project.department.entity.Department { [se.jensen.project.department.entity.Department.get$hashCodeCache(), departmentId=EntityID(id=1), departmentName=Coding] }])
2021-12-05 20:34:09.669  INFO 12116 --- [nio-8080-exec-5] oggImpl$$EnhancerBySpringCGLIB$$4b1e8451 : Time Taken by execution(Department se.jensen.project.department.service.DepartmentServiceImpl.getDepartmentById(Integer)) is 3 ms
]]></system-out>
  </testcase>
  <testcase name="client updates name for department 1 #2" classname="test department api" time="0.062">
    <system-out><![CDATA[2021-12-05 20:34:09.675  INFO 12116 --- [           main] .b.t.c.SpringBootTestContextBootstrapper : Neither @ContextConfiguration nor @ContextHierarchy found for test class [se.jensen.project.department.integrationtest.DepartmentTestClient], using SpringBootContextLoader
2021-12-05 20:34:09.679  INFO 12116 --- [           main] o.s.t.c.support.AbstractContextLoader    : Could not detect default resource locations for test class [se.jensen.project.department.integrationtest.DepartmentTestClient]: no resource found for suffixes {-context.xml, Context.groovy}.
2021-12-05 20:34:09.681  INFO 12116 --- [           main] .b.t.c.SpringBootTestContextBootstrapper : Loaded default TestExecutionListener class names from location [META-INF/spring.factories]: [org.springframework.boot.test.mock.mockito.MockitoTestExecutionListener, org.springframework.boot.test.mock.mockito.ResetMocksTestExecutionListener, org.springframework.boot.test.autoconfigure.restdocs.RestDocsTestExecutionListener, org.springframework.boot.test.autoconfigure.web.client.MockRestServiceServerResetTestExecutionListener, org.springframework.boot.test.autoconfigure.web.servlet.MockMvcPrintOnlyOnFailureTestExecutionListener, org.springframework.boot.test.autoconfigure.web.servlet.WebDriverTestExecutionListener, org.springframework.boot.test.autoconfigure.webservices.client.MockWebServiceServerTestExecutionListener, org.springframework.test.context.web.ServletTestExecutionListener, org.springframework.test.context.support.DirtiesContextBeforeModesTestExecutionListener, org.springframework.test.context.support.DependencyInjectionTestExecutionListener, org.springframework.test.context.support.DirtiesContextTestExecutionListener, org.springframework.test.context.transaction.TransactionalTestExecutionListener, org.springframework.test.context.jdbc.SqlScriptsTestExecutionListener, org.springframework.test.context.event.EventPublishingTestExecutionListener]
2021-12-05 20:34:09.681  INFO 12116 --- [           main] .b.t.c.SpringBootTestContextBootstrapper : Using TestExecutionListeners: [org.springframework.test.context.web.ServletTestExecutionListener@33c5d3e, org.springframework.test.context.support.DirtiesContextBeforeModesTestExecutionListener@45fdd38d, org.springframework.boot.test.mock.mockito.MockitoTestExecutionListener@376b6d7d, org.springframework.boot.test.autoconfigure.SpringBootDependencyInjectionTestExecutionListener@e934485, org.springframework.test.context.support.DirtiesContextTestExecutionListener@6f272dc4, org.springframework.test.context.transaction.TransactionalTestExecutionListener@446dea16, org.springframework.test.context.jdbc.SqlScriptsTestExecutionListener@28817763, org.springframework.test.context.event.EventPublishingTestExecutionListener@3c22a99a, org.springframework.boot.test.mock.mockito.ResetMocksTestExecutionListener@6abdead7, org.springframework.boot.test.autoconfigure.restdocs.RestDocsTestExecutionListener@412b90cc, org.springframework.boot.test.autoconfigure.web.client.MockRestServiceServerResetTestExecutionListener@6232cde5, org.springframework.boot.test.autoconfigure.web.servlet.MockMvcPrintOnlyOnFailureTestExecutionListener@4b75d640, org.springframework.boot.test.autoconfigure.web.servlet.WebDriverTestExecutionListener@4e9b66ab, org.springframework.boot.test.autoconfigure.webservices.client.MockWebServiceServerTestExecutionListener@532b3244]
2021-12-05 20:34:09.694  INFO 12116 --- [nio-8080-exec-6] oggImpl$$EnhancerBySpringCGLIB$$4b1e8451 : class se.jensen.project.department.service.DepartmentServiceImpl.update
2021-12-05 20:34:09.694  INFO 12116 --- [nio-8080-exec-6] oggImpl$$EnhancerBySpringCGLIB$$4b1e8451 : param department = Department(departmentId=EntityID(id=1), departmentName=Development)
2021-12-05 20:34:09.700  INFO 12116 --- [nio-8080-exec-6] oggImpl$$EnhancerBySpringCGLIB$$4b1e8451 : Return Value: ([se.jensen.project.department.entity.Department { [se.jensen.project.department.entity.Department.get$hashCodeCache(), departmentId=EntityID(id=1), departmentName=Development] }])
2021-12-05 20:34:09.700  INFO 12116 --- [nio-8080-exec-6] oggImpl$$EnhancerBySpringCGLIB$$4b1e8451 : Time Taken by execution(Department se.jensen.project.department.service.DepartmentServiceImpl.update(Department)) is 6 ms
2021-12-05 20:34:09.721  INFO 12116 --- [nio-8080-exec-7] oggImpl$$EnhancerBySpringCGLIB$$4b1e8451 : class se.jensen.project.department.service.DepartmentServiceImpl.getDepartmentById
2021-12-05 20:34:09.722  INFO 12116 --- [nio-8080-exec-7] oggImpl$$EnhancerBySpringCGLIB$$4b1e8451 : param departmentId = 1
2021-12-05 20:34:09.730  INFO 12116 --- [nio-8080-exec-7] oggImpl$$EnhancerBySpringCGLIB$$4b1e8451 : Return Value: ([se.jensen.project.department.entity.Department { [se.jensen.project.department.entity.Department.get$hashCodeCache(), departmentId=EntityID(id=1), departmentName=Development] }])
2021-12-05 20:34:09.730  INFO 12116 --- [nio-8080-exec-7] oggImpl$$EnhancerBySpringCGLIB$$4b1e8451 : Time Taken by execution(Department se.jensen.project.department.service.DepartmentServiceImpl.getDepartmentById(Integer)) is 8 ms
]]></system-out>
  </testcase>
  <testcase name="client deletes department" classname="test department api" time="0.292">
    <system-out><![CDATA[2021-12-05 20:34:09.733  INFO 12116 --- [           main] .b.t.c.SpringBootTestContextBootstrapper : Neither @ContextConfiguration nor @ContextHierarchy found for test class [se.jensen.project.department.integrationtest.DepartmentTestClient], using SpringBootContextLoader
2021-12-05 20:34:09.734  INFO 12116 --- [           main] o.s.t.c.support.AbstractContextLoader    : Could not detect default resource locations for test class [se.jensen.project.department.integrationtest.DepartmentTestClient]: no resource found for suffixes {-context.xml, Context.groovy}.
2021-12-05 20:34:09.736  INFO 12116 --- [           main] .b.t.c.SpringBootTestContextBootstrapper : Loaded default TestExecutionListener class names from location [META-INF/spring.factories]: [org.springframework.boot.test.mock.mockito.MockitoTestExecutionListener, org.springframework.boot.test.mock.mockito.ResetMocksTestExecutionListener, org.springframework.boot.test.autoconfigure.restdocs.RestDocsTestExecutionListener, org.springframework.boot.test.autoconfigure.web.client.MockRestServiceServerResetTestExecutionListener, org.springframework.boot.test.autoconfigure.web.servlet.MockMvcPrintOnlyOnFailureTestExecutionListener, org.springframework.boot.test.autoconfigure.web.servlet.WebDriverTestExecutionListener, org.springframework.boot.test.autoconfigure.webservices.client.MockWebServiceServerTestExecutionListener, org.springframework.test.context.web.ServletTestExecutionListener, org.springframework.test.context.support.DirtiesContextBeforeModesTestExecutionListener, org.springframework.test.context.support.DependencyInjectionTestExecutionListener, org.springframework.test.context.support.DirtiesContextTestExecutionListener, org.springframework.test.context.transaction.TransactionalTestExecutionListener, org.springframework.test.context.jdbc.SqlScriptsTestExecutionListener, org.springframework.test.context.event.EventPublishingTestExecutionListener]
2021-12-05 20:34:09.736  INFO 12116 --- [           main] .b.t.c.SpringBootTestContextBootstrapper : Using TestExecutionListeners: [org.springframework.test.context.web.ServletTestExecutionListener@42a08547, org.springframework.test.context.support.DirtiesContextBeforeModesTestExecutionListener@579b1d86, org.springframework.boot.test.mock.mockito.MockitoTestExecutionListener@5d28ac23, org.springframework.boot.test.autoconfigure.SpringBootDependencyInjectionTestExecutionListener@6e18bc2f, org.springframework.test.context.support.DirtiesContextTestExecutionListener@28d48616, org.springframework.test.context.transaction.TransactionalTestExecutionListener@27acd9a7, org.springframework.test.context.jdbc.SqlScriptsTestExecutionListener@3f7d20c5, org.springframework.test.context.event.EventPublishingTestExecutionListener@142f0ac1, org.springframework.boot.test.mock.mockito.ResetMocksTestExecutionListener@1847da64, org.springframework.boot.test.autoconfigure.restdocs.RestDocsTestExecutionListener@5967492a, org.springframework.boot.test.autoconfigure.web.client.MockRestServiceServerResetTestExecutionListener@f4a21cb, org.springframework.boot.test.autoconfigure.web.servlet.MockMvcPrintOnlyOnFailureTestExecutionListener@635f4be1, org.springframework.boot.test.autoconfigure.web.servlet.WebDriverTestExecutionListener@456d3914, org.springframework.boot.test.autoconfigure.webservices.client.MockWebServiceServerTestExecutionListener@26a0068a]
2021-12-05 20:34:09.766  INFO 12116 --- [nio-8080-exec-8] oggImpl$$EnhancerBySpringCGLIB$$4b1e8451 : class se.jensen.project.department.service.DepartmentServiceImpl.create
2021-12-05 20:34:09.766  INFO 12116 --- [nio-8080-exec-8] oggImpl$$EnhancerBySpringCGLIB$$4b1e8451 : param department = Department(departmentId=EntityID(id=55), departmentName=Fun)
2021-12-05 20:34:09.782  INFO 12116 --- [nio-8080-exec-8] oggImpl$$EnhancerBySpringCGLIB$$4b1e8451 : Return Value: ([se.jensen.project.department.entity.Department { [se.jensen.project.department.entity.Department.get$hashCodeCache(), departmentId=EntityID(id=55), departmentName=Fun] }])
2021-12-05 20:34:09.783  INFO 12116 --- [nio-8080-exec-8] oggImpl$$EnhancerBySpringCGLIB$$4b1e8451 : Time Taken by execution(Department se.jensen.project.department.service.DepartmentServiceImpl.create(Department)) is 17 ms
2021-12-05 20:34:09.794  INFO 12116 --- [nio-8080-exec-9] oggImpl$$EnhancerBySpringCGLIB$$4b1e8451 : class se.jensen.project.department.service.DepartmentServiceImpl.create
2021-12-05 20:34:09.795  INFO 12116 --- [nio-8080-exec-9] oggImpl$$EnhancerBySpringCGLIB$$4b1e8451 : param department = Department(departmentId=EntityID(id=56), departmentName=HR)
2021-12-05 20:34:09.809  INFO 12116 --- [nio-8080-exec-9] oggImpl$$EnhancerBySpringCGLIB$$4b1e8451 : Return Value: ([se.jensen.project.department.entity.Department { [se.jensen.project.department.entity.Department.get$hashCodeCache(), departmentId=EntityID(id=56), departmentName=HR] }])
2021-12-05 20:34:09.810  INFO 12116 --- [nio-8080-exec-9] oggImpl$$EnhancerBySpringCGLIB$$4b1e8451 : Time Taken by execution(Department se.jensen.project.department.service.DepartmentServiceImpl.create(Department)) is 15 ms
2021-12-05 20:34:09.826  INFO 12116 --- [io-8080-exec-10] oggImpl$$EnhancerBySpringCGLIB$$4b1e8451 : class se.jensen.project.department.service.DepartmentServiceImpl.create
2021-12-05 20:34:09.826  INFO 12116 --- [io-8080-exec-10] oggImpl$$EnhancerBySpringCGLIB$$4b1e8451 : param department = Department(departmentId=EntityID(id=57), departmentName=Fika)
2021-12-05 20:34:09.831  INFO 12116 --- [io-8080-exec-10] oggImpl$$EnhancerBySpringCGLIB$$4b1e8451 : Return Value: ([se.jensen.project.department.entity.Department { [se.jensen.project.department.entity.Department.get$hashCodeCache(), departmentId=EntityID(id=57), departmentName=Fika] }])
2021-12-05 20:34:09.831  INFO 12116 --- [io-8080-exec-10] oggImpl$$EnhancerBySpringCGLIB$$4b1e8451 : Time Taken by execution(Department se.jensen.project.department.service.DepartmentServiceImpl.create(Department)) is 5 ms
2021-12-05 20:34:09.840  INFO 12116 --- [nio-8080-exec-1] oggImpl$$EnhancerBySpringCGLIB$$4b1e8451 : class se.jensen.project.department.service.DepartmentServiceImpl.getDepartmentById
2021-12-05 20:34:09.840  INFO 12116 --- [nio-8080-exec-1] oggImpl$$EnhancerBySpringCGLIB$$4b1e8451 : param departmentId = 55
2021-12-05 20:34:09.844  INFO 12116 --- [nio-8080-exec-1] oggImpl$$EnhancerBySpringCGLIB$$4b1e8451 : Return Value: ([se.jensen.project.department.entity.Department { [se.jensen.project.department.entity.Department.get$hashCodeCache(), departmentId=EntityID(id=55), departmentName=Fun] }])
2021-12-05 20:34:09.845  INFO 12116 --- [nio-8080-exec-1] oggImpl$$EnhancerBySpringCGLIB$$4b1e8451 : Time Taken by execution(Department se.jensen.project.department.service.DepartmentServiceImpl.getDepartmentById(Integer)) is 5 ms
2021-12-05 20:34:09.861  INFO 12116 --- [nio-8080-exec-2] oggImpl$$EnhancerBySpringCGLIB$$4b1e8451 : class se.jensen.project.department.service.DepartmentServiceImpl.remove
2021-12-05 20:34:09.861  INFO 12116 --- [nio-8080-exec-2] oggImpl$$EnhancerBySpringCGLIB$$4b1e8451 : param department = Department(departmentId=EntityID(id=55), departmentName=Fun)
2021-12-05 20:34:09.873  INFO 12116 --- [nio-8080-exec-2] oggImpl$$EnhancerBySpringCGLIB$$4b1e8451 : Return Value: ([se.jensen.project.department.entity.Department { [se.jensen.project.department.entity.Department.get$hashCodeCache(), departmentId=EntityID(id=55), departmentName=Fun] }])
2021-12-05 20:34:09.873  INFO 12116 --- [nio-8080-exec-2] oggImpl$$EnhancerBySpringCGLIB$$4b1e8451 : Time Taken by execution(Department se.jensen.project.department.service.DepartmentServiceImpl.remove(Department)) is 12 ms
2021-12-05 20:34:09.882  INFO 12116 --- [nio-8080-exec-3] oggImpl$$EnhancerBySpringCGLIB$$4b1e8451 : class se.jensen.project.department.service.DepartmentServiceImpl.getDepartmentById
2021-12-05 20:34:09.882  INFO 12116 --- [nio-8080-exec-3] oggImpl$$EnhancerBySpringCGLIB$$4b1e8451 : param departmentId = 56
2021-12-05 20:34:09.886  INFO 12116 --- [nio-8080-exec-3] oggImpl$$EnhancerBySpringCGLIB$$4b1e8451 : Return Value: ([se.jensen.project.department.entity.Department { [se.jensen.project.department.entity.Department.get$hashCodeCache(), departmentId=EntityID(id=56), departmentName=HR] }])
2021-12-05 20:34:09.886  INFO 12116 --- [nio-8080-exec-3] oggImpl$$EnhancerBySpringCGLIB$$4b1e8451 : Time Taken by execution(Department se.jensen.project.department.service.DepartmentServiceImpl.getDepartmentById(Integer)) is 4 ms
2021-12-05 20:34:09.896  INFO 12116 --- [nio-8080-exec-4] oggImpl$$EnhancerBySpringCGLIB$$4b1e8451 : class se.jensen.project.department.service.DepartmentServiceImpl.remove
2021-12-05 20:34:09.897  INFO 12116 --- [nio-8080-exec-4] oggImpl$$EnhancerBySpringCGLIB$$4b1e8451 : param department = Department(departmentId=EntityID(id=56), departmentName=HR)
2021-12-05 20:34:09.908  INFO 12116 --- [nio-8080-exec-4] oggImpl$$EnhancerBySpringCGLIB$$4b1e8451 : Return Value: ([se.jensen.project.department.entity.Department { [se.jensen.project.department.entity.Department.get$hashCodeCache(), departmentId=EntityID(id=56), departmentName=HR] }])
2021-12-05 20:34:09.908  INFO 12116 --- [nio-8080-exec-4] oggImpl$$EnhancerBySpringCGLIB$$4b1e8451 : Time Taken by execution(Department se.jensen.project.department.service.DepartmentServiceImpl.remove(Department)) is 11 ms
2021-12-05 20:34:09.917  INFO 12116 --- [nio-8080-exec-5] oggImpl$$EnhancerBySpringCGLIB$$4b1e8451 : class se.jensen.project.department.service.DepartmentServiceImpl.getDepartmentById
2021-12-05 20:34:09.917  INFO 12116 --- [nio-8080-exec-5] oggImpl$$EnhancerBySpringCGLIB$$4b1e8451 : param departmentId = 57
2021-12-05 20:34:09.920  INFO 12116 --- [nio-8080-exec-5] oggImpl$$EnhancerBySpringCGLIB$$4b1e8451 : Return Value: ([se.jensen.project.department.entity.Department { [se.jensen.project.department.entity.Department.get$hashCodeCache(), departmentId=EntityID(id=57), departmentName=Fika] }])
2021-12-05 20:34:09.920  INFO 12116 --- [nio-8080-exec-5] oggImpl$$EnhancerBySpringCGLIB$$4b1e8451 : Time Taken by execution(Department se.jensen.project.department.service.DepartmentServiceImpl.getDepartmentById(Integer)) is 3 ms
2021-12-05 20:34:09.928  INFO 12116 --- [nio-8080-exec-6] oggImpl$$EnhancerBySpringCGLIB$$4b1e8451 : class se.jensen.project.department.service.DepartmentServiceImpl.remove
2021-12-05 20:34:09.929  INFO 12116 --- [nio-8080-exec-6] oggImpl$$EnhancerBySpringCGLIB$$4b1e8451 : param department = Department(departmentId=EntityID(id=57), departmentName=Fika)
2021-12-05 20:34:09.934  INFO 12116 --- [nio-8080-exec-6] oggImpl$$EnhancerBySpringCGLIB$$4b1e8451 : Return Value: ([se.jensen.project.department.entity.Department { [se.jensen.project.department.entity.Department.get$hashCodeCache(), departmentId=EntityID(id=57), departmentName=Fika] }])
2021-12-05 20:34:09.934  INFO 12116 --- [nio-8080-exec-6] oggImpl$$EnhancerBySpringCGLIB$$4b1e8451 : Time Taken by execution(Department se.jensen.project.department.service.DepartmentServiceImpl.remove(Department)) is 5 ms
2021-12-05 20:34:09.949  INFO 12116 --- [nio-8080-exec-7] oggImpl$$EnhancerBySpringCGLIB$$4b1e8451 : class se.jensen.project.department.service.DepartmentServiceImpl.getDepartmentById
2021-12-05 20:34:09.949  INFO 12116 --- [nio-8080-exec-7] oggImpl$$EnhancerBySpringCGLIB$$4b1e8451 : param departmentId = 55
2021-12-05 20:34:09.953  INFO 12116 --- [nio-8080-exec-7] oggImpl$$EnhancerBySpringCGLIB$$4b1e8451 : Exception: ([se.jensen.project.common.dao.EntityNotFoundException { [] }])
2021-12-05 20:34:09.959  INFO 12116 --- [nio-8080-exec-7] oggImpl$$EnhancerBySpringCGLIB$$4b1e8451 : class se.jensen.project.common.rest.ExceptionHandlerAdvice.handleEntityNotFoundException
2021-12-05 20:34:09.959  INFO 12116 --- [nio-8080-exec-7] oggImpl$$EnhancerBySpringCGLIB$$4b1e8451 : param e = se.jensen.project.common.dao.EntityNotFoundException: Entity with id 55 not found
2021-12-05 20:34:09.965  INFO 12116 --- [nio-8080-exec-7] oggImpl$$EnhancerBySpringCGLIB$$4b1e8451 : Return Value: ([org.springframework.http.ResponseEntity { [org.springframework.http.ResponseEntity.getStatus()] }])
2021-12-05 20:34:09.965  INFO 12116 --- [nio-8080-exec-7] oggImpl$$EnhancerBySpringCGLIB$$4b1e8451 : Time Taken by execution(ResponseEntity se.jensen.project.common.rest.ExceptionHandlerAdvice.handleEntityNotFoundException(EntityNotFoundException)) is 6 ms
2021-12-05 20:34:09.982  INFO 12116 --- [nio-8080-exec-8] oggImpl$$EnhancerBySpringCGLIB$$4b1e8451 : class se.jensen.project.department.service.DepartmentServiceImpl.getDepartmentById
2021-12-05 20:34:09.982  INFO 12116 --- [nio-8080-exec-8] oggImpl$$EnhancerBySpringCGLIB$$4b1e8451 : param departmentId = 56
2021-12-05 20:34:09.984  INFO 12116 --- [nio-8080-exec-8] oggImpl$$EnhancerBySpringCGLIB$$4b1e8451 : Exception: ([se.jensen.project.common.dao.EntityNotFoundException { [] }])
2021-12-05 20:34:09.984  INFO 12116 --- [nio-8080-exec-8] oggImpl$$EnhancerBySpringCGLIB$$4b1e8451 : class se.jensen.project.common.rest.ExceptionHandlerAdvice.handleEntityNotFoundException
2021-12-05 20:34:09.984  INFO 12116 --- [nio-8080-exec-8] oggImpl$$EnhancerBySpringCGLIB$$4b1e8451 : param e = se.jensen.project.common.dao.EntityNotFoundException: Entity with id 56 not found
2021-12-05 20:34:09.985  INFO 12116 --- [nio-8080-exec-8] oggImpl$$EnhancerBySpringCGLIB$$4b1e8451 : Return Value: ([org.springframework.http.ResponseEntity { [org.springframework.http.ResponseEntity.getStatus()] }])
2021-12-05 20:34:09.985  INFO 12116 --- [nio-8080-exec-8] oggImpl$$EnhancerBySpringCGLIB$$4b1e8451 : Time Taken by execution(ResponseEntity se.jensen.project.common.rest.ExceptionHandlerAdvice.handleEntityNotFoundException(EntityNotFoundException)) is 1 ms
2021-12-05 20:34:09.992  INFO 12116 --- [nio-8080-exec-9] oggImpl$$EnhancerBySpringCGLIB$$4b1e8451 : class se.jensen.project.department.service.DepartmentServiceImpl.getDepartmentById
2021-12-05 20:34:09.992  INFO 12116 --- [nio-8080-exec-9] oggImpl$$EnhancerBySpringCGLIB$$4b1e8451 : param departmentId = 57
2021-12-05 20:34:09.994  INFO 12116 --- [nio-8080-exec-9] oggImpl$$EnhancerBySpringCGLIB$$4b1e8451 : Exception: ([se.jensen.project.common.dao.EntityNotFoundException { [] }])
2021-12-05 20:34:09.994  INFO 12116 --- [nio-8080-exec-9] oggImpl$$EnhancerBySpringCGLIB$$4b1e8451 : class se.jensen.project.common.rest.ExceptionHandlerAdvice.handleEntityNotFoundException
2021-12-05 20:34:09.994  INFO 12116 --- [nio-8080-exec-9] oggImpl$$EnhancerBySpringCGLIB$$4b1e8451 : param e = se.jensen.project.common.dao.EntityNotFoundException: Entity with id 57 not found
2021-12-05 20:34:09.994  INFO 12116 --- [nio-8080-exec-9] oggImpl$$EnhancerBySpringCGLIB$$4b1e8451 : Return Value: ([org.springframework.http.ResponseEntity { [org.springframework.http.ResponseEntity.getStatus()] }])
2021-12-05 20:34:09.994  INFO 12116 --- [nio-8080-exec-9] oggImpl$$EnhancerBySpringCGLIB$$4b1e8451 : Time Taken by execution(ResponseEntity se.jensen.project.common.rest.ExceptionHandlerAdvice.handleEntityNotFoundException(EntityNotFoundException)) is 0 ms
]]></system-out>
  </testcase>
</testsuite>